{"/home/travis/build/npmtest/node-npmtest-npm-windows-upgrade/test.js":{"path":"/home/travis/build/npmtest/node-npmtest-npm-windows-upgrade/test.js","s":{"1":2,"2":2,"3":2,"4":2,"5":2,"6":2,"7":2,"8":1,"9":2,"10":2,"11":1,"12":1,"13":1,"14":1,"15":2,"16":2,"17":2,"18":2,"19":1,"20":1,"21":2,"22":2,"23":2,"24":1,"25":1,"26":1,"27":1,"28":1,"29":1,"30":1,"31":1,"32":1,"33":1,"34":1,"35":1,"36":1,"37":1,"38":1,"39":2,"40":2,"41":1,"42":2,"43":2,"44":1,"45":2,"46":2,"47":1,"48":2,"49":2,"50":1,"51":1,"52":1,"53":1,"54":1},"b":{"1":[2,1,1,1],"2":[1,1,1,1],"3":[1,1],"4":[1,1],"5":[1,1],"6":[1,1],"7":[1,1],"8":[1,1],"9":[1,1],"10":[1,1,1],"11":[1,1],"12":[1,1],"13":[1,1],"14":[1,1],"15":[1,1],"16":[1,1],"17":[1,1]},"f":{"1":2,"2":2,"3":2,"4":2,"5":2,"6":1,"7":1,"8":1,"9":2,"10":2,"11":2,"12":2,"13":1},"fnMap":{"1":{"name":"(anonymous_1)","line":12,"loc":{"start":{"line":12,"column":1},"end":{"line":12,"column":13}}},"2":{"name":"(anonymous_2)","line":19,"loc":{"start":{"line":19,"column":5},"end":{"line":19,"column":17}}},"3":{"name":"(anonymous_3)","line":23,"loc":{"start":{"line":23,"column":24},"end":{"line":23,"column":36}}},"4":{"name":"(anonymous_4)","line":61,"loc":{"start":{"line":61,"column":5},"end":{"line":61,"column":17}}},"5":{"name":"(anonymous_5)","line":82,"loc":{"start":{"line":82,"column":5},"end":{"line":82,"column":17}}},"6":{"name":"(anonymous_6)","line":91,"loc":{"start":{"line":91,"column":77},"end":{"line":94,"column":10}}},"7":{"name":"(anonymous_7)","line":112,"loc":{"start":{"line":112,"column":83},"end":{"line":115,"column":10}},"skip":true},"8":{"name":"(anonymous_8)","line":123,"loc":{"start":{"line":123,"column":77},"end":{"line":126,"column":10}},"skip":true},"9":{"name":"(anonymous_9)","line":139,"loc":{"start":{"line":139,"column":12},"end":{"line":139,"column":40}},"skip":true},"10":{"name":"(anonymous_10)","line":147,"loc":{"start":{"line":147,"column":77},"end":{"line":150,"column":10}},"skip":true},"11":{"name":"(anonymous_11)","line":158,"loc":{"start":{"line":158,"column":83},"end":{"line":161,"column":10}},"skip":true},"12":{"name":"(anonymous_12)","line":169,"loc":{"start":{"line":169,"column":79},"end":{"line":172,"column":10}},"skip":true},"13":{"name":"(anonymous_13)","line":180,"loc":{"start":{"line":180,"column":75},"end":{"line":183,"column":10}},"skip":true}},"statementMap":{"1":{"start":{"line":12,"column":0},"end":{"line":195,"column":5}},"2":{"start":{"line":14,"column":4},"end":{"line":14,"column":14}},"3":{"start":{"line":19,"column":4},"end":{"line":56,"column":9}},"4":{"start":{"line":21,"column":8},"end":{"line":21,"column":19}},"5":{"start":{"line":23,"column":8},"end":{"line":35,"column":13}},"6":{"start":{"line":24,"column":12},"end":{"line":34,"column":13}},"7":{"start":{"line":25,"column":16},"end":{"line":28,"column":30}},"8":{"start":{"line":30,"column":16},"end":{"line":33,"column":27}},"9":{"start":{"line":37,"column":8},"end":{"line":39,"column":21}},"10":{"start":{"line":40,"column":8},"end":{"line":53,"column":9}},"11":{"start":{"line":43,"column":12},"end":{"line":46,"column":14}},"12":{"start":{"line":47,"column":12},"end":{"line":47,"column":18}},"13":{"start":{"line":50,"column":12},"end":{"line":51,"column":33}},"14":{"start":{"line":52,"column":12},"end":{"line":52,"column":18}},"15":{"start":{"line":55,"column":8},"end":{"line":55,"column":35}},"16":{"start":{"line":61,"column":4},"end":{"line":63,"column":9}},"17":{"start":{"line":62,"column":8},"end":{"line":62,"column":15}},"18":{"start":{"line":64,"column":4},"end":{"line":77,"column":5}},"19":{"start":{"line":70,"column":8},"end":{"line":70,"column":14}},"20":{"start":{"line":76,"column":8},"end":{"line":76,"column":14}},"21":{"start":{"line":82,"column":4},"end":{"line":84,"column":9}},"22":{"start":{"line":83,"column":8},"end":{"line":83,"column":15}},"23":{"start":{"line":85,"column":4},"end":{"line":194,"column":5}},"24":{"start":{"line":91,"column":8},"end":{"line":99,"column":10}},"25":{"start":{"line":98,"column":12},"end":{"line":98,"column":35}},"26":{"start":{"line":102,"column":8},"end":{"line":104,"column":63}},"27":{"start":{"line":105,"column":8},"end":{"line":105,"column":14}},"28":{"start":{"line":112,"column":8},"end":{"line":121,"column":10},"skip":true},"29":{"start":{"line":119,"column":12},"end":{"line":119,"column":55},"skip":true},"30":{"start":{"line":120,"column":12},"end":{"line":120,"column":48},"skip":true},"31":{"start":{"line":123,"column":8},"end":{"line":136,"column":10},"skip":true},"32":{"start":{"line":130,"column":12},"end":{"line":130,"column":76},"skip":true},"33":{"start":{"line":131,"column":12},"end":{"line":131,"column":73},"skip":true},"34":{"start":{"line":132,"column":12},"end":{"line":132,"column":74},"skip":true},"35":{"start":{"line":133,"column":12},"end":{"line":133,"column":79},"skip":true},"36":{"start":{"line":134,"column":12},"end":{"line":134,"column":25},"skip":true},"37":{"start":{"line":135,"column":12},"end":{"line":135,"column":45},"skip":true},"38":{"start":{"line":138,"column":8},"end":{"line":145,"column":14},"skip":true},"39":{"start":{"line":143,"column":16},"end":{"line":143,"column":29},"skip":true},"40":{"start":{"line":144,"column":16},"end":{"line":144,"column":55},"skip":true},"41":{"start":{"line":147,"column":8},"end":{"line":156,"column":10},"skip":true},"42":{"start":{"line":154,"column":12},"end":{"line":154,"column":25},"skip":true},"43":{"start":{"line":155,"column":12},"end":{"line":155,"column":45},"skip":true},"44":{"start":{"line":158,"column":8},"end":{"line":167,"column":10},"skip":true},"45":{"start":{"line":165,"column":12},"end":{"line":165,"column":25},"skip":true},"46":{"start":{"line":166,"column":12},"end":{"line":166,"column":48},"skip":true},"47":{"start":{"line":169,"column":8},"end":{"line":178,"column":10},"skip":true},"48":{"start":{"line":176,"column":12},"end":{"line":176,"column":25},"skip":true},"49":{"start":{"line":177,"column":12},"end":{"line":177,"column":46},"skip":true},"50":{"start":{"line":180,"column":8},"end":{"line":189,"column":10},"skip":true},"51":{"start":{"line":187,"column":12},"end":{"line":187,"column":94},"skip":true},"52":{"start":{"line":188,"column":12},"end":{"line":188,"column":48},"skip":true},"53":{"start":{"line":192,"column":8},"end":{"line":192,"column":35},"skip":true},"54":{"start":{"line":193,"column":8},"end":{"line":193,"column":14},"skip":true}},"branchMap":{"1":{"line":25,"type":"binary-expr","locations":[{"start":{"line":25,"column":23},"end":{"line":25,"column":62}},{"start":{"line":26,"column":20},"end":{"line":26,"column":70}},{"start":{"line":27,"column":20},"end":{"line":27,"column":71}},{"start":{"line":28,"column":20},"end":{"line":28,"column":29}}]},"2":{"line":30,"type":"binary-expr","locations":[{"start":{"line":30,"column":23},"end":{"line":30,"column":37}},{"start":{"line":31,"column":20},"end":{"line":31,"column":61}},{"start":{"line":32,"column":20},"end":{"line":32,"column":70}},{"start":{"line":33,"column":20},"end":{"line":33,"column":26}}]},"3":{"line":37,"type":"cond-expr","locations":[{"start":{"line":38,"column":14},"end":{"line":38,"column":20}},{"start":{"line":39,"column":14},"end":{"line":39,"column":20}}]},"4":{"line":40,"type":"switch","locations":[{"start":{"line":42,"column":8},"end":{"line":47,"column":18}},{"start":{"line":49,"column":8},"end":{"line":52,"column":18}}]},"5":{"line":44,"type":"binary-expr","locations":[{"start":{"line":44,"column":16},"end":{"line":44,"column":44}},{"start":{"line":44,"column":48},"end":{"line":44,"column":66}}]},"6":{"line":50,"type":"binary-expr","locations":[{"start":{"line":50,"column":21},"end":{"line":50,"column":49}},{"start":{"line":50,"column":53},"end":{"line":50,"column":72}}]},"7":{"line":64,"type":"switch","locations":[{"start":{"line":69,"column":4},"end":{"line":70,"column":14}},{"start":{"line":75,"column":4},"end":{"line":76,"column":14}}]},"8":{"line":85,"type":"switch","locations":[{"start":{"line":90,"column":4},"end":{"line":105,"column":14}},{"start":{"line":111,"column":4},"end":{"line":193,"column":14},"skip":true}]},"9":{"line":91,"type":"binary-expr","locations":[{"start":{"line":91,"column":42},"end":{"line":91,"column":73}},{"start":{"line":91,"column":77},"end":{"line":99,"column":9}}]},"10":{"line":102,"type":"binary-expr","locations":[{"start":{"line":102,"column":18},"end":{"line":102,"column":32}},{"start":{"line":103,"column":12},"end":{"line":103,"column":53}},{"start":{"line":104,"column":12},"end":{"line":104,"column":61}}]},"11":{"line":112,"type":"binary-expr","locations":[{"start":{"line":112,"column":45},"end":{"line":112,"column":79},"skip":true},{"start":{"line":112,"column":83},"end":{"line":121,"column":9},"skip":true}]},"12":{"line":123,"type":"binary-expr","locations":[{"start":{"line":123,"column":42},"end":{"line":123,"column":73},"skip":true},{"start":{"line":123,"column":77},"end":{"line":136,"column":9},"skip":true}]},"13":{"line":138,"type":"binary-expr","locations":[{"start":{"line":138,"column":48},"end":{"line":138,"column":85},"skip":true},{"start":{"line":139,"column":12},"end":{"line":145,"column":13},"skip":true}]},"14":{"line":147,"type":"binary-expr","locations":[{"start":{"line":147,"column":42},"end":{"line":147,"column":73},"skip":true},{"start":{"line":147,"column":77},"end":{"line":156,"column":9},"skip":true}]},"15":{"line":158,"type":"binary-expr","locations":[{"start":{"line":158,"column":45},"end":{"line":158,"column":79},"skip":true},{"start":{"line":158,"column":83},"end":{"line":167,"column":9},"skip":true}]},"16":{"line":169,"type":"binary-expr","locations":[{"start":{"line":169,"column":43},"end":{"line":169,"column":75},"skip":true},{"start":{"line":169,"column":79},"end":{"line":178,"column":9},"skip":true}]},"17":{"line":180,"type":"binary-expr","locations":[{"start":{"line":180,"column":41},"end":{"line":180,"column":71},"skip":true},{"start":{"line":180,"column":75},"end":{"line":189,"column":9},"skip":true}]}},"code":["/* istanbul instrument in package npmtest_npm_windows_upgrade */","/*jslint","    bitwise: true,","    browser: true,","    maxerr: 8,","    maxlen: 96,","    node: true,","    nomen: true,","    regexp: true,","    stupid: true","*/","(function () {","    'use strict';","    var local;","","","","    // run shared js-env code - pre-init","    (function () {","        // init local","        local = {};","        // init modeJs","        local.modeJs = (function () {","            try {","                return typeof navigator.userAgent === 'string' &&","                    typeof document.querySelector('body') === 'object' &&","                    typeof XMLHttpRequest.prototype.open === 'function' &&","                    'browser';","            } catch (errorCaughtBrowser) {","                return module.exports &&","                    typeof process.versions.node === 'string' &&","                    typeof require('http').createServer === 'function' &&","                    'node';","            }","        }());","        // init global","        local.global = local.modeJs === 'browser'","            ? window","            : global;","        switch (local.modeJs) {","        // re-init local from window.local","        case 'browser':","            local = local.global.utility2.objectSetDefault(","                local.global.utility2_rollup || local.global.local,","                local.global.utility2","            );","            break;","        // re-init local from example.js","        case 'node':","            local = (local.global.utility2_rollup || require('utility2'))","                .requireReadme();","            break;","        }","        // export local","        local.global.local = local;","    }());","","","","    // run shared js-env code - function","    (function () {","        return;","    }());","    switch (local.modeJs) {","","","","    // run browser js-env code - function","    case 'browser':","        break;","","","","    // run node js-env code - function","    case 'node':","        break;","    }","","","","    // run shared js-env code - post-init","    (function () {","        return;","    }());","    switch (local.modeJs) {","","","","    // run browser js-env code - post-init","    case 'browser':","        local.testCase_browser_nullCase = local.testCase_browser_nullCase || function (","            options,","            onError","        ) {","        /*","         * this function will test browsers's null-case handling-behavior-behavior","         */","            onError(null, options);","        };","","        // run tests","        local.nop(local.modeTest &&","            document.querySelector('#testRunButton1') &&","            document.querySelector('#testRunButton1').click());","        break;","","","","    // run node js-env code - post-init","    /* istanbul ignore next */","    case 'node':","        local.testCase_buildApidoc_default = local.testCase_buildApidoc_default || function (","            options,","            onError","        ) {","        /*","         * this function will test buildApidoc's default handling-behavior-behavior","         */","            options = { modulePathList: module.paths };","            local.buildApidoc(options, onError);","        };","","        local.testCase_buildApp_default = local.testCase_buildApp_default || function (","            options,","            onError","        ) {","        /*","         * this function will test buildApp's default handling-behavior-behavior","         */","            local.testCase_buildReadme_default(options, local.onErrorThrow);","            local.testCase_buildLib_default(options, local.onErrorThrow);","            local.testCase_buildTest_default(options, local.onErrorThrow);","            local.testCase_buildCustomOrg_default(options, local.onErrorThrow);","            options = [];","            local.buildApp(options, onError);","        };","","        local.testCase_buildCustomOrg_default = local.testCase_buildCustomOrg_default ||","            function (options, onError) {","            /*","             * this function will test buildCustomOrg's default handling-behavior","             */","                options = {};","                local.buildCustomOrg(options, onError);","            };","","        local.testCase_buildLib_default = local.testCase_buildLib_default || function (","            options,","            onError","        ) {","        /*","         * this function will test buildLib's default handling-behavior","         */","            options = {};","            local.buildLib(options, onError);","        };","","        local.testCase_buildReadme_default = local.testCase_buildReadme_default || function (","            options,","            onError","        ) {","        /*","         * this function will test buildReadme's default handling-behavior-behavior","         */","            options = {};","            local.buildReadme(options, onError);","        };","","        local.testCase_buildTest_default = local.testCase_buildTest_default || function (","            options,","            onError","        ) {","        /*","         * this function will test buildTest's default handling-behavior","         */","            options = {};","            local.buildTest(options, onError);","        };","","        local.testCase_webpage_default = local.testCase_webpage_default || function (","            options,","            onError","        ) {","        /*","         * this function will test webpage's default handling-behavior","         */","            options = { modeCoverageMerge: true, url: local.serverLocalHost + '?modeTest=1' };","            local.browserTest(options, onError);","        };","","        // run test-server","        local.testRunServer(local);","        break;","    }","}());",""],"l":{"12":2,"14":2,"19":2,"21":2,"23":2,"24":2,"25":2,"30":1,"37":2,"40":2,"43":1,"47":1,"50":1,"52":1,"55":2,"61":2,"62":2,"64":2,"70":1,"76":1,"82":2,"83":2,"85":2,"91":1,"98":1,"102":1,"105":1,"112":1,"119":1,"120":1,"123":1,"130":1,"131":1,"132":1,"133":1,"134":1,"135":1,"138":1,"143":2,"144":2,"147":1,"154":2,"155":2,"158":1,"165":2,"166":2,"169":1,"176":2,"177":2,"180":1,"187":1,"188":1,"192":1,"193":1}},"/home/travis/build/npmtest/node-npmtest-npm-windows-upgrade/lib.npmtest_npm_windows_upgrade.js":{"path":"/home/travis/build/npmtest/node-npmtest-npm-windows-upgrade/lib.npmtest_npm_windows_upgrade.js","s":{"1":2,"2":2,"3":2,"4":2,"5":2,"6":2,"7":2,"8":1,"9":2,"10":2,"11":2,"12":2,"13":1,"14":1,"15":1,"16":1},"b":{"1":[2,1,1,1],"2":[1,1,1,1],"3":[1,1],"4":[2,2],"5":[1,1]},"f":{"1":2,"2":2,"3":2},"fnMap":{"1":{"name":"(anonymous_1)","line":12,"loc":{"start":{"line":12,"column":1},"end":{"line":12,"column":13}}},"2":{"name":"(anonymous_2)","line":19,"loc":{"start":{"line":19,"column":5},"end":{"line":19,"column":17}}},"3":{"name":"(anonymous_3)","line":23,"loc":{"start":{"line":23,"column":24},"end":{"line":23,"column":36}}}},"statementMap":{"1":{"start":{"line":12,"column":0},"end":{"line":53,"column":5}},"2":{"start":{"line":14,"column":4},"end":{"line":14,"column":14}},"3":{"start":{"line":19,"column":4},"end":{"line":52,"column":9}},"4":{"start":{"line":21,"column":8},"end":{"line":21,"column":19}},"5":{"start":{"line":23,"column":8},"end":{"line":35,"column":13}},"6":{"start":{"line":24,"column":12},"end":{"line":34,"column":13}},"7":{"start":{"line":25,"column":16},"end":{"line":28,"column":30}},"8":{"start":{"line":30,"column":16},"end":{"line":33,"column":27}},"9":{"start":{"line":37,"column":8},"end":{"line":39,"column":21}},"10":{"start":{"line":41,"column":8},"end":{"line":41,"column":54}},"11":{"start":{"line":43,"column":8},"end":{"line":43,"column":64}},"12":{"start":{"line":45,"column":8},"end":{"line":51,"column":9}},"13":{"start":{"line":46,"column":12},"end":{"line":46,"column":70}},"14":{"start":{"line":48,"column":12},"end":{"line":48,"column":35}},"15":{"start":{"line":49,"column":12},"end":{"line":49,"column":49}},"16":{"start":{"line":50,"column":12},"end":{"line":50,"column":43}}},"branchMap":{"1":{"line":25,"type":"binary-expr","locations":[{"start":{"line":25,"column":23},"end":{"line":25,"column":62}},{"start":{"line":26,"column":20},"end":{"line":26,"column":70}},{"start":{"line":27,"column":20},"end":{"line":27,"column":71}},{"start":{"line":28,"column":20},"end":{"line":28,"column":29}}]},"2":{"line":30,"type":"binary-expr","locations":[{"start":{"line":30,"column":23},"end":{"line":30,"column":37}},{"start":{"line":31,"column":20},"end":{"line":31,"column":61}},{"start":{"line":32,"column":20},"end":{"line":32,"column":70}},{"start":{"line":33,"column":20},"end":{"line":33,"column":26}}]},"3":{"line":37,"type":"cond-expr","locations":[{"start":{"line":38,"column":14},"end":{"line":38,"column":20}},{"start":{"line":39,"column":14},"end":{"line":39,"column":20}}]},"4":{"line":41,"type":"binary-expr","locations":[{"start":{"line":41,"column":16},"end":{"line":41,"column":44}},{"start":{"line":41,"column":48},"end":{"line":41,"column":53}}]},"5":{"line":45,"type":"if","locations":[{"start":{"line":45,"column":8},"end":{"line":45,"column":8}},{"start":{"line":45,"column":8},"end":{"line":45,"column":8}}]}},"code":["/* istanbul instrument in package npmtest_npm_windows_upgrade */","/*jslint","    bitwise: true,","    browser: true,","    maxerr: 8,","    maxlen: 96,","    node: true,","    nomen: true,","    regexp: true,","    stupid: true","*/","(function () {","    'use strict';","    var local;","","","","    // run shared js-env code - pre-init","    (function () {","        // init local","        local = {};","        // init modeJs","        local.modeJs = (function () {","            try {","                return typeof navigator.userAgent === 'string' &&","                    typeof document.querySelector('body') === 'object' &&","                    typeof XMLHttpRequest.prototype.open === 'function' &&","                    'browser';","            } catch (errorCaughtBrowser) {","                return module.exports &&","                    typeof process.versions.node === 'string' &&","                    typeof require('http').createServer === 'function' &&","                    'node';","            }","        }());","        // init global","        local.global = local.modeJs === 'browser'","            ? window","            : global;","        // init utility2_rollup","        local = local.global.utility2_rollup || local;","        // init lib","        local.local = local.npmtest_npm_windows_upgrade = local;","        // init exports","        if (local.modeJs === 'browser') {","            local.global.utility2_npmtest_npm_windows_upgrade = local;","        } else {","            module.exports = local;","            module.exports.__dirname = __dirname;","            module.exports.module = module;","        }","    }());","}());",""],"l":{"12":2,"14":2,"19":2,"21":2,"23":2,"24":2,"25":2,"30":1,"37":2,"41":2,"43":2,"45":2,"46":1,"48":1,"49":1,"50":1}},"/home/travis/build/npmtest/node-npmtest-npm-windows-upgrade/example.js":{"path":"/home/travis/build/npmtest/node-npmtest-npm-windows-upgrade/example.js","s":{"1":2,"2":2,"3":2,"4":2,"5":2,"6":2,"7":2,"8":1,"9":2,"10":2,"11":2,"12":2,"13":1,"14":2,"15":2,"16":2,"17":2,"18":2,"19":0,"20":2,"21":1,"22":1,"23":1,"24":1,"25":1,"26":0,"27":0,"28":1,"29":1,"30":2,"31":0,"32":0,"33":0,"34":1,"35":2,"36":2,"37":3,"38":3,"39":3,"40":3,"41":0,"42":3,"43":3,"44":3,"45":1,"46":3,"47":1,"48":1,"49":1,"50":1,"51":1,"52":1,"53":1,"54":1,"55":1,"56":1,"57":0,"58":1,"59":6,"60":6,"61":1,"62":2,"63":0,"64":2,"65":1,"66":1,"67":0,"68":0,"69":0,"70":0,"71":0,"72":0,"73":0,"74":0,"75":0,"76":0,"77":0,"78":0,"79":0,"80":0,"81":0,"82":0,"83":0},"b":{"1":[2,1,1,1],"2":[1,1,1,1],"3":[1,1],"4":[2,2],"5":[1,1],"6":[1,1],"7":[2,0],"8":[2,1,1,1,1,1],"9":[0,2,0],"10":[1,1],"11":[2,1,1],"12":[1,0],"13":[0,2],"14":[2,0,0,0,0,0,0],"15":[0,3],"16":[3,0],"17":[1,1],"18":[0,1],"19":[1,2,0,2],"20":[1,0],"21":[1,1],"22":[0,0],"23":[0,0],"24":[0,0],"25":[0,0],"26":[0,0],"27":[0,0],"28":[0,0]},"f":{"1":2,"2":2,"3":2,"4":2,"5":2,"6":2,"7":3,"8":3,"9":3,"10":1,"11":6,"12":0},"fnMap":{"1":{"name":"(anonymous_1)","line":26,"loc":{"start":{"line":26,"column":1},"end":{"line":26,"column":13}}},"2":{"name":"(anonymous_2)","line":33,"loc":{"start":{"line":33,"column":5},"end":{"line":33,"column":17}}},"3":{"name":"(anonymous_3)","line":37,"loc":{"start":{"line":37,"column":24},"end":{"line":37,"column":36}}},"4":{"name":"(anonymous_4)","line":69,"loc":{"start":{"line":69,"column":31},"end":{"line":69,"column":48}},"skip":true},"5":{"name":"(anonymous_5)","line":78,"loc":{"start":{"line":78,"column":26},"end":{"line":78,"column":45}},"skip":true},"6":{"name":"(anonymous_6)","line":123,"loc":{"start":{"line":123,"column":33},"end":{"line":123,"column":48}},"skip":true},"7":{"name":"(anonymous_7)","line":125,"loc":{"start":{"line":125,"column":27},"end":{"line":125,"column":39}},"skip":true},"8":{"name":"(anonymous_8)","line":133,"loc":{"start":{"line":133,"column":59},"end":{"line":133,"column":74}},"skip":true},"9":{"name":"(anonymous_9)","line":143,"loc":{"start":{"line":143,"column":45},"end":{"line":143,"column":62}},"skip":true},"10":{"name":"(anonymous_10)","line":144,"loc":{"start":{"line":144,"column":73},"end":{"line":144,"column":92}},"skip":true},"11":{"name":"(anonymous_11)","line":272,"loc":{"start":{"line":272,"column":51},"end":{"line":272,"column":77}},"skip":true},"12":{"name":"(anonymous_12)","line":315,"loc":{"start":{"line":315,"column":32},"end":{"line":315,"column":61}},"skip":true}},"statementMap":{"1":{"start":{"line":26,"column":0},"end":{"line":326,"column":5}},"2":{"start":{"line":28,"column":4},"end":{"line":28,"column":14}},"3":{"start":{"line":33,"column":4},"end":{"line":60,"column":9}},"4":{"start":{"line":35,"column":8},"end":{"line":35,"column":19}},"5":{"start":{"line":37,"column":8},"end":{"line":49,"column":13}},"6":{"start":{"line":38,"column":12},"end":{"line":48,"column":13}},"7":{"start":{"line":39,"column":16},"end":{"line":42,"column":30}},"8":{"start":{"line":44,"column":16},"end":{"line":47,"column":27}},"9":{"start":{"line":51,"column":8},"end":{"line":53,"column":21}},"10":{"start":{"line":55,"column":8},"end":{"line":57,"column":45}},"11":{"start":{"line":59,"column":8},"end":{"line":59,"column":35}},"12":{"start":{"line":61,"column":4},"end":{"line":325,"column":5}},"13":{"start":{"line":69,"column":8},"end":{"line":121,"column":10},"skip":true},"14":{"start":{"line":70,"column":12},"end":{"line":88,"column":13},"skip":true},"15":{"start":{"line":76,"column":16},"end":{"line":87,"column":19},"skip":true},"16":{"start":{"line":79,"column":20},"end":{"line":86,"column":21},"skip":true},"17":{"start":{"line":82,"column":24},"end":{"line":82,"column":43},"skip":true},"18":{"start":{"line":83,"column":24},"end":{"line":83,"column":30},"skip":true},"19":{"start":{"line":85,"column":24},"end":{"line":85,"column":49},"skip":true},"20":{"start":{"line":89,"column":12},"end":{"line":107,"column":13},"skip":true},"21":{"start":{"line":92,"column":16},"end":{"line":102,"column":17},"skip":true},"22":{"start":{"line":93,"column":20},"end":{"line":93,"column":86},"skip":true},"23":{"start":{"line":94,"column":20},"end":{"line":95,"column":45},"skip":true},"24":{"start":{"line":96,"column":20},"end":{"line":96,"column":42},"skip":true},"25":{"start":{"line":97,"column":20},"end":{"line":97,"column":48},"skip":true},"26":{"start":{"line":100,"column":20},"end":{"line":100,"column":85},"skip":true},"27":{"start":{"line":101,"column":20},"end":{"line":101,"column":96},"skip":true},"28":{"start":{"line":103,"column":16},"end":{"line":103,"column":22},"skip":true},"29":{"start":{"line":106,"column":16},"end":{"line":106,"column":22},"skip":true},"30":{"start":{"line":108,"column":12},"end":{"line":120,"column":13},"skip":true},"31":{"start":{"line":114,"column":16},"end":{"line":119,"column":17},"skip":true},"32":{"start":{"line":116,"column":20},"end":{"line":116,"column":78},"skip":true},"33":{"start":{"line":118,"column":20},"end":{"line":118,"column":47},"skip":true},"34":{"start":{"line":123,"column":8},"end":{"line":141,"column":11},"skip":true},"35":{"start":{"line":124,"column":12},"end":{"line":124,"column":54},"skip":true},"36":{"start":{"line":125,"column":12},"end":{"line":140,"column":14},"skip":true},"37":{"start":{"line":126,"column":16},"end":{"line":126,"column":28},"skip":true},"38":{"start":{"line":127,"column":16},"end":{"line":127,"column":69},"skip":true},"39":{"start":{"line":128,"column":16},"end":{"line":128,"column":75},"skip":true},"40":{"start":{"line":129,"column":16},"end":{"line":131,"column":17},"skip":true},"41":{"start":{"line":130,"column":20},"end":{"line":130,"column":27},"skip":true},"42":{"start":{"line":133,"column":16},"end":{"line":137,"column":36},"skip":true},"43":{"start":{"line":134,"column":20},"end":{"line":136,"column":55},"skip":true},"44":{"start":{"line":139,"column":16},"end":{"line":139,"column":57},"skip":true},"45":{"start":{"line":143,"column":8},"end":{"line":147,"column":11},"skip":true},"46":{"start":{"line":144,"column":12},"end":{"line":146,"column":15},"skip":true},"47":{"start":{"line":145,"column":16},"end":{"line":145,"column":70},"skip":true},"48":{"start":{"line":149,"column":8},"end":{"line":149,"column":31},"skip":true},"49":{"start":{"line":150,"column":8},"end":{"line":150,"column":14},"skip":true},"50":{"start":{"line":158,"column":8},"end":{"line":158,"column":31},"skip":true},"51":{"start":{"line":160,"column":8},"end":{"line":160,"column":33},"skip":true},"52":{"start":{"line":161,"column":8},"end":{"line":161,"column":37},"skip":true},"53":{"start":{"line":162,"column":8},"end":{"line":162,"column":35},"skip":true},"54":{"start":{"line":164,"column":8},"end":{"line":164,"column":50},"skip":true},"55":{"start":{"line":166,"column":8},"end":{"line":256,"column":2},"skip":true},"56":{"start":{"line":258,"column":8},"end":{"line":286,"column":9},"skip":true},"57":{"start":{"line":259,"column":12},"end":{"line":269,"column":14},"skip":true},"58":{"start":{"line":271,"column":12},"end":{"line":285,"column":19},"skip":true},"59":{"start":{"line":274,"column":20},"end":{"line":274,"column":35},"skip":true},"60":{"start":{"line":275,"column":20},"end":{"line":284,"column":21},"skip":true},"61":{"start":{"line":277,"column":24},"end":{"line":277,"column":64},"skip":true},"62":{"start":{"line":279,"column":24},"end":{"line":279,"column":40},"skip":true},"63":{"start":{"line":281,"column":24},"end":{"line":281,"column":40},"skip":true},"64":{"start":{"line":283,"column":24},"end":{"line":283,"column":39},"skip":true},"65":{"start":{"line":288,"column":8},"end":{"line":290,"column":9},"skip":true},"66":{"start":{"line":289,"column":12},"end":{"line":289,"column":18},"skip":true},"67":{"start":{"line":291,"column":8},"end":{"line":293,"column":54},"skip":true},"68":{"start":{"line":296,"column":8},"end":{"line":301,"column":37},"skip":true},"69":{"start":{"line":303,"column":8},"end":{"line":303,"column":82},"skip":true},"70":{"start":{"line":306,"column":8},"end":{"line":308,"column":9},"skip":true},"71":{"start":{"line":307,"column":12},"end":{"line":307,"column":82},"skip":true},"72":{"start":{"line":310,"column":8},"end":{"line":312,"column":9},"skip":true},"73":{"start":{"line":311,"column":12},"end":{"line":311,"column":18},"skip":true},"74":{"start":{"line":313,"column":8},"end":{"line":313,"column":54},"skip":true},"75":{"start":{"line":314,"column":8},"end":{"line":314,"column":69},"skip":true},"76":{"start":{"line":315,"column":8},"end":{"line":323,"column":36},"skip":true},"77":{"start":{"line":316,"column":12},"end":{"line":316,"column":61},"skip":true},"78":{"start":{"line":317,"column":12},"end":{"line":320,"column":13},"skip":true},"79":{"start":{"line":318,"column":16},"end":{"line":318,"column":75},"skip":true},"80":{"start":{"line":319,"column":16},"end":{"line":319,"column":23},"skip":true},"81":{"start":{"line":321,"column":12},"end":{"line":321,"column":38},"skip":true},"82":{"start":{"line":322,"column":12},"end":{"line":322,"column":27},"skip":true},"83":{"start":{"line":324,"column":8},"end":{"line":324,"column":14},"skip":true}},"branchMap":{"1":{"line":39,"type":"binary-expr","locations":[{"start":{"line":39,"column":23},"end":{"line":39,"column":62}},{"start":{"line":40,"column":20},"end":{"line":40,"column":70}},{"start":{"line":41,"column":20},"end":{"line":41,"column":71}},{"start":{"line":42,"column":20},"end":{"line":42,"column":29}}]},"2":{"line":44,"type":"binary-expr","locations":[{"start":{"line":44,"column":23},"end":{"line":44,"column":37}},{"start":{"line":45,"column":20},"end":{"line":45,"column":61}},{"start":{"line":46,"column":20},"end":{"line":46,"column":70}},{"start":{"line":47,"column":20},"end":{"line":47,"column":26}}]},"3":{"line":51,"type":"cond-expr","locations":[{"start":{"line":52,"column":14},"end":{"line":52,"column":20}},{"start":{"line":53,"column":14},"end":{"line":53,"column":20}}]},"4":{"line":55,"type":"binary-expr","locations":[{"start":{"line":55,"column":16},"end":{"line":55,"column":44}},{"start":{"line":55,"column":49},"end":{"line":57,"column":43}}]},"5":{"line":55,"type":"cond-expr","locations":[{"start":{"line":56,"column":14},"end":{"line":56,"column":63}},{"start":{"line":57,"column":14},"end":{"line":57,"column":43}}]},"6":{"line":61,"type":"switch","locations":[{"start":{"line":68,"column":4},"end":{"line":150,"column":14},"skip":true},{"start":{"line":156,"column":4},"end":{"line":324,"column":14},"skip":true}]},"7":{"line":70,"type":"if","locations":[{"start":{"line":70,"column":12},"end":{"line":70,"column":12},"skip":true},{"start":{"line":70,"column":12},"end":{"line":70,"column":12},"skip":true}]},"8":{"line":70,"type":"binary-expr","locations":[{"start":{"line":70,"column":16},"end":{"line":70,"column":22},"skip":true},{"start":{"line":70,"column":27},"end":{"line":70,"column":32},"skip":true},{"start":{"line":71,"column":20},"end":{"line":71,"column":39},"skip":true},{"start":{"line":72,"column":20},"end":{"line":72,"column":49},"skip":true},{"start":{"line":73,"column":20},"end":{"line":73,"column":58},"skip":true},{"start":{"line":74,"column":20},"end":{"line":74,"column":69},"skip":true}]},"9":{"line":79,"type":"switch","locations":[{"start":{"line":80,"column":20},"end":{"line":80,"column":33},"skip":true},{"start":{"line":81,"column":20},"end":{"line":83,"column":30},"skip":true},{"start":{"line":84,"column":20},"end":{"line":85,"column":49},"skip":true}]},"10":{"line":89,"type":"switch","locations":[{"start":{"line":90,"column":12},"end":{"line":103,"column":22},"skip":true},{"start":{"line":105,"column":12},"end":{"line":106,"column":22},"skip":true}]},"11":{"line":89,"type":"binary-expr","locations":[{"start":{"line":89,"column":20},"end":{"line":89,"column":25},"skip":true},{"start":{"line":89,"column":29},"end":{"line":89,"column":48},"skip":true},{"start":{"line":89,"column":52},"end":{"line":89,"column":74},"skip":true}]},"12":{"line":92,"type":"if","locations":[{"start":{"line":92,"column":16},"end":{"line":92,"column":16},"skip":true},{"start":{"line":92,"column":16},"end":{"line":92,"column":16},"skip":true}]},"13":{"line":108,"type":"if","locations":[{"start":{"line":108,"column":12},"end":{"line":108,"column":12},"skip":true},{"start":{"line":108,"column":12},"end":{"line":108,"column":12},"skip":true}]},"14":{"line":108,"type":"binary-expr","locations":[{"start":{"line":108,"column":16},"end":{"line":108,"column":61},"skip":true},{"start":{"line":108,"column":66},"end":{"line":108,"column":72},"skip":true},{"start":{"line":108,"column":77},"end":{"line":108,"column":82},"skip":true},{"start":{"line":109,"column":20},"end":{"line":109,"column":39},"skip":true},{"start":{"line":110,"column":20},"end":{"line":110,"column":49},"skip":true},{"start":{"line":111,"column":20},"end":{"line":111,"column":58},"skip":true},{"start":{"line":112,"column":20},"end":{"line":112,"column":68},"skip":true}]},"15":{"line":129,"type":"if","locations":[{"start":{"line":129,"column":16},"end":{"line":129,"column":16},"skip":true},{"start":{"line":129,"column":16},"end":{"line":129,"column":16},"skip":true}]},"16":{"line":134,"type":"cond-expr","locations":[{"start":{"line":135,"column":26},"end":{"line":135,"column":29},"skip":true},{"start":{"line":136,"column":26},"end":{"line":136,"column":54},"skip":true}]},"17":{"line":164,"type":"binary-expr","locations":[{"start":{"line":164,"column":27},"end":{"line":164,"column":43},"skip":true},{"start":{"line":164,"column":47},"end":{"line":164,"column":49},"skip":true}]},"18":{"line":258,"type":"if","locations":[{"start":{"line":258,"column":8},"end":{"line":258,"column":8},"skip":true},{"start":{"line":258,"column":8},"end":{"line":258,"column":8},"skip":true}]},"19":{"line":275,"type":"switch","locations":[{"start":{"line":276,"column":20},"end":{"line":277,"column":64},"skip":true},{"start":{"line":278,"column":20},"end":{"line":279,"column":40},"skip":true},{"start":{"line":280,"column":20},"end":{"line":281,"column":40},"skip":true},{"start":{"line":282,"column":20},"end":{"line":283,"column":39},"skip":true}]},"20":{"line":288,"type":"if","locations":[{"start":{"line":288,"column":8},"end":{"line":288,"column":8},"skip":true},{"start":{"line":288,"column":8},"end":{"line":288,"column":8},"skip":true}]},"21":{"line":288,"type":"binary-expr","locations":[{"start":{"line":288,"column":12},"end":{"line":288,"column":40},"skip":true},{"start":{"line":288,"column":44},"end":{"line":288,"column":67},"skip":true}]},"22":{"line":292,"type":"binary-expr","locations":[{"start":{"line":292,"column":12},"end":{"line":292,"column":50},"skip":true},{"start":{"line":293,"column":12},"end":{"line":293,"column":53},"skip":true}]},"23":{"line":297,"type":"binary-expr","locations":[{"start":{"line":297,"column":12},"end":{"line":297,"column":77},"skip":true},{"start":{"line":298,"column":12},"end":{"line":301,"column":36},"skip":true}]},"24":{"line":303,"type":"binary-expr","locations":[{"start":{"line":303,"column":43},"end":{"line":303,"column":75},"skip":true},{"start":{"line":303,"column":79},"end":{"line":303,"column":81},"skip":true}]},"25":{"line":306,"type":"if","locations":[{"start":{"line":306,"column":8},"end":{"line":306,"column":8},"skip":true},{"start":{"line":306,"column":8},"end":{"line":306,"column":8},"skip":true}]},"26":{"line":310,"type":"if","locations":[{"start":{"line":310,"column":8},"end":{"line":310,"column":8},"skip":true},{"start":{"line":310,"column":8},"end":{"line":310,"column":8},"skip":true}]},"27":{"line":313,"type":"binary-expr","locations":[{"start":{"line":313,"column":27},"end":{"line":313,"column":43},"skip":true},{"start":{"line":313,"column":47},"end":{"line":313,"column":53},"skip":true}]},"28":{"line":317,"type":"if","locations":[{"start":{"line":317,"column":12},"end":{"line":317,"column":12},"skip":true},{"start":{"line":317,"column":12},"end":{"line":317,"column":12},"skip":true}]}},"code":["/*","example.js","","quickstart example","","instruction","    1. save this script as example.js","    2. run the shell command:","        $ npm install npmtest-npm-windows-upgrade && PORT=8081 node example.js","    3. play with the browser-demo on http://127.0.0.1:8081","*/","","","","/* istanbul instrument in package npmtest_npm_windows_upgrade */","/*jslint","    bitwise: true,","    browser: true,","    maxerr: 8,","    maxlen: 96,","    node: true,","    nomen: true,","    regexp: true,","    stupid: true","*/","(function () {","    'use strict';","    var local;","","","","    // run shared js-env code - pre-init","    (function () {","        // init local","        local = {};","        // init modeJs","        local.modeJs = (function () {","            try {","                return typeof navigator.userAgent === 'string' &&","                    typeof document.querySelector('body') === 'object' &&","                    typeof XMLHttpRequest.prototype.open === 'function' &&","                    'browser';","            } catch (errorCaughtBrowser) {","                return module.exports &&","                    typeof process.versions.node === 'string' &&","                    typeof require('http').createServer === 'function' &&","                    'node';","            }","        }());","        // init global","        local.global = local.modeJs === 'browser'","            ? window","            : global;","        // init utility2_rollup","        local = local.global.utility2_rollup || (local.modeJs === 'browser'","            ? local.global.utility2_npmtest_npm_windows_upgrade","            : global.utility2_moduleExports);","        // export local","        local.global.local = local;","    }());","    switch (local.modeJs) {","","","","    // post-init","    // run browser js-env code - post-init","    /* istanbul ignore next */","    case 'browser':","        local.testRunBrowser = function (event) {","            if (!event || (event &&","                    event.currentTarget &&","                    event.currentTarget.className &&","                    event.currentTarget.className.includes &&","                    event.currentTarget.className.includes('onreset'))) {","                // reset output","                Array.from(","                    document.querySelectorAll('body > .resettable')","                ).forEach(function (element) {","                    switch (element.tagName) {","                    case 'INPUT':","                    case 'TEXTAREA':","                        element.value = '';","                        break;","                    default:","                        element.textContent = '';","                    }","                });","            }","            switch (event && event.currentTarget && event.currentTarget.id) {","            case 'testRunButton1':","                // show tests","                if (document.querySelector('#testReportDiv1').style.display === 'none') {","                    document.querySelector('#testReportDiv1').style.display = 'block';","                    document.querySelector('#testRunButton1').textContent =","                        'hide internal test';","                    local.modeTest = true;","                    local.testRunDefault(local);","                // hide tests","                } else {","                    document.querySelector('#testReportDiv1').style.display = 'none';","                    document.querySelector('#testRunButton1').textContent = 'run internal test';","                }","                break;","            // custom-case","            default:","                break;","            }","            if (document.querySelector('#inputTextareaEval1') && (!event || (event &&","                    event.currentTarget &&","                    event.currentTarget.className &&","                    event.currentTarget.className.includes &&","                    event.currentTarget.className.includes('oneval')))) {","                // try to eval input-code","                try {","                    /*jslint evil: true*/","                    eval(document.querySelector('#inputTextareaEval1').value);","                } catch (errorCaught) {","                    console.error(errorCaught);","                }","            }","        };","        // log stderr and stdout to #outputTextareaStdout1","        ['error', 'log'].forEach(function (key) {","            console[key + '_original'] = console[key];","            console[key] = function () {","                var element;","                console[key + '_original'].apply(console, arguments);","                element = document.querySelector('#outputTextareaStdout1');","                if (!element) {","                    return;","                }","                // append text to #outputTextareaStdout1","                element.value += Array.from(arguments).map(function (arg) {","                    return typeof arg === 'string'","                        ? arg","                        : JSON.stringify(arg, null, 4);","                }).join(' ') + '\\n';","                // scroll textarea to bottom","                element.scrollTop = element.scrollHeight;","            };","        });","        // init event-handling","        ['change', 'click', 'keyup'].forEach(function (event) {","            Array.from(document.querySelectorAll('.on' + event)).forEach(function (element) {","                element.addEventListener(event, local.testRunBrowser);","            });","        });","        // run tests","        local.testRunBrowser();","        break;","","","","    // run node js-env code - post-init","    /* istanbul ignore next */","    case 'node':","        // export local","        module.exports = local;","        // require modules","        local.fs = require('fs');","        local.http = require('http');","        local.url = require('url');","        // init assets","        local.assetsDict = local.assetsDict || {};","        /* jslint-ignore-begin */","        local.assetsDict['/assets.index.template.html'] = '\\","<!doctype html>\\n\\","<html lang=\"en\">\\n\\","<head>\\n\\","<meta charset=\"UTF-8\">\\n\\","<meta name=\"viewport\" content=\"width=device-width, initial-scale=1\">\\n\\","<title>{{env.npm_package_name}} (v{{env.npm_package_version}})</title>\\n\\","<style>\\n\\","/*csslint\\n\\","    box-sizing: false,\\n\\","    universal-selector: false\\n\\","*/\\n\\","* {\\n\\","    box-sizing: border-box;\\n\\","}\\n\\","body {\\n\\","    background: #dde;\\n\\","    font-family: Arial, Helvetica, sans-serif;\\n\\","    margin: 2rem;\\n\\","}\\n\\","body > * {\\n\\","    margin-bottom: 1rem;\\n\\","}\\n\\",".utility2FooterDiv {\\n\\","    margin-top: 20px;\\n\\","    text-align: center;\\n\\","}\\n\\","</style>\\n\\","<style>\\n\\","/*csslint\\n\\","*/\\n\\","textarea {\\n\\","    font-family: monospace;\\n\\","    height: 10rem;\\n\\","    width: 100%;\\n\\","}\\n\\","textarea[readonly] {\\n\\","    background: #ddd;\\n\\","}\\n\\","</style>\\n\\","</head>\\n\\","<body>\\n\\","<!-- utility2-comment\\n\\","<div id=\"ajaxProgressDiv1\" style=\"background: #d00; height: 2px; left: 0; margin: 0; padding: 0; position: fixed; top: 0; transition: background 0.5s, width 1.5s; width: 25%;\"></div>\\n\\","utility2-comment -->\\n\\","<h1>\\n\\","<!-- utility2-comment\\n\\","    <a\\n\\","        {{#if env.npm_package_homepage}}\\n\\","        href=\"{{env.npm_package_homepage}}\"\\n\\","        {{/if env.npm_package_homepage}}\\n\\","        target=\"_blank\"\\n\\","    >\\n\\","utility2-comment -->\\n\\","        {{env.npm_package_name}} (v{{env.npm_package_version}})\\n\\","<!-- utility2-comment\\n\\","    </a>\\n\\","utility2-comment -->\\n\\","</h1>\\n\\","<h3>{{env.npm_package_description}}</h3>\\n\\","<!-- utility2-comment\\n\\","<h4><a download href=\"assets.app.js\">download standalone app</a></h4>\\n\\","<button class=\"onclick onreset\" id=\"testRunButton1\">run internal test</button><br>\\n\\","<div id=\"testReportDiv1\" style=\"display: none;\"></div>\\n\\","utility2-comment -->\\n\\","\\n\\","\\n\\","\\n\\","<label>stderr and stdout</label>\\n\\","<textarea class=\"resettable\" id=\"outputTextareaStdout1\" readonly></textarea>\\n\\","<!-- utility2-comment\\n\\","{{#if isRollup}}\\n\\","<script src=\"assets.app.js\"></script>\\n\\","{{#unless isRollup}}\\n\\","utility2-comment -->\\n\\","<script src=\"assets.utility2.rollup.js\"></script>\\n\\","<script src=\"jsonp.utility2._stateInit?callback=window.utility2._stateInit\"></script>\\n\\","<script src=\"assets.npmtest_npm_windows_upgrade.rollup.js\"></script>\\n\\","<script src=\"assets.example.js\"></script>\\n\\","<script src=\"assets.test.js\"></script>\\n\\","<!-- utility2-comment\\n\\","{{/if isRollup}}\\n\\","utility2-comment -->\\n\\","<div class=\"utility2FooterDiv\">\\n\\","    [ this app was created with\\n\\","    <a href=\"https://github.com/kaizhu256/node-utility2\" target=\"_blank\">utility2</a>\\n\\","    ]\\n\\","</div>\\n\\","</body>\\n\\","</html>\\n\\","';","        /* jslint-ignore-end */","        if (local.templateRender) {","            local.assetsDict['/'] = local.templateRender(","                local.assetsDict['/assets.index.template.html'],","                {","                    env: local.objectSetDefault(local.env, {","                        npm_package_description: 'the greatest app in the world!',","                        npm_package_name: 'my-app',","                        npm_package_nameAlias: 'my_app',","                        npm_package_version: '0.0.1'","                    })","                }","            );","        } else {","            local.assetsDict['/'] = local.assetsDict['/assets.index.template.html']","                .replace((/\\{\\{env\\.(\\w+?)\\}\\}/g), function (match0, match1) {","                    // jslint-hack","                    String(match0);","                    switch (match1) {","                    case 'npm_package_description':","                        return 'the greatest app in the world!';","                    case 'npm_package_name':","                        return 'my-app';","                    case 'npm_package_nameAlias':","                        return 'my_app';","                    case 'npm_package_version':","                        return '0.0.1';","                    }","                });","        }","        // run the cli","        if (local.global.utility2_rollup || module !== require.main) {","            break;","        }","        local.assetsDict['/assets.example.js'] =","            local.assetsDict['/assets.example.js'] ||","            local.fs.readFileSync(__filename, 'utf8');","        // bug-workaround - long $npm_package_buildCustomOrg","        /* jslint-ignore-begin */","        local.assetsDict['/assets.npmtest_npm_windows_upgrade.rollup.js'] =","            local.assetsDict['/assets.npmtest_npm_windows_upgrade.rollup.js'] ||","            local.fs.readFileSync(","                local.npmtest_npm_windows_upgrade.__dirname + '/lib.npmtest_npm_windows_upgrade.js',","                'utf8'","            ).replace((/^#!/), '//');","        /* jslint-ignore-end */","        local.assetsDict['/favicon.ico'] = local.assetsDict['/favicon.ico'] || '';","        // if $npm_config_timeout_exit exists,","        // then exit this process after $npm_config_timeout_exit ms","        if (Number(process.env.npm_config_timeout_exit)) {","            setTimeout(process.exit, Number(process.env.npm_config_timeout_exit));","        }","        // start server","        if (local.global.utility2_serverHttp1) {","            break;","        }","        process.env.PORT = process.env.PORT || '8081';","        console.error('server starting on port ' + process.env.PORT);","        local.http.createServer(function (request, response) {","            request.urlParsed = local.url.parse(request.url);","            if (local.assetsDict[request.urlParsed.pathname] !== undefined) {","                response.end(local.assetsDict[request.urlParsed.pathname]);","                return;","            }","            response.statusCode = 404;","            response.end();","        }).listen(process.env.PORT);","        break;","    }","}());",""],"l":{"26":2,"28":2,"33":2,"35":2,"37":2,"38":2,"39":2,"44":1,"51":2,"55":2,"59":2,"61":2,"69":1,"70":2,"76":2,"79":2,"82":2,"83":2,"85":1,"89":2,"92":1,"93":1,"94":1,"96":1,"97":1,"100":1,"101":1,"103":1,"106":1,"108":2,"114":1,"116":1,"118":1,"123":1,"124":2,"125":2,"126":3,"127":3,"128":3,"129":3,"130":1,"133":3,"134":3,"139":3,"143":1,"144":3,"145":1,"149":1,"150":1,"158":1,"160":1,"161":1,"162":1,"164":1,"166":1,"258":1,"259":1,"271":1,"274":6,"275":6,"277":1,"279":2,"281":1,"283":2,"288":1,"289":1,"291":1,"296":1,"303":1,"306":1,"307":1,"310":1,"311":1,"313":1,"314":1,"315":1,"316":1,"317":1,"318":1,"319":1,"321":1,"322":1,"324":1}},"/home/travis/build/npmtest/node-npmtest-npm-windows-upgrade/node_modules/npm-windows-upgrade/bin/npm-windows-upgrade.js":{"path":"/home/travis/build/npmtest/node-npmtest-npm-windows-upgrade/node_modules/npm-windows-upgrade/bin/npm-windows-upgrade.js","s":{"1":4,"2":0,"3":0,"4":0,"5":0,"6":0,"7":0,"8":0,"9":0,"10":0,"11":0,"12":0,"13":0},"b":{},"f":{"1":0,"2":0,"3":0,"4":0},"fnMap":{"1":{"name":"(anonymous_1)","line":30,"loc":{"start":{"line":30,"column":8},"end":{"line":30,"column":20}}},"2":{"name":"(anonymous_2)","line":31,"loc":{"start":{"line":31,"column":8},"end":{"line":31,"column":20}}},"3":{"name":"(anonymous_3)","line":32,"loc":{"start":{"line":32,"column":8},"end":{"line":32,"column":20}}},"4":{"name":"(anonymous_4)","line":33,"loc":{"start":{"line":33,"column":8},"end":{"line":33,"column":20}}}},"statementMap":{"1":{"start":{"line":4,"column":0},"end":{"line":4,"column":28}},"2":{"start":{"line":7,"column":0},"end":{"line":7,"column":25}},"3":{"start":{"line":9,"column":0},"end":{"line":9,"column":34}},"4":{"start":{"line":10,"column":0},"end":{"line":10,"column":37}},"5":{"start":{"line":11,"column":0},"end":{"line":11,"column":41}},"6":{"start":{"line":13,"column":0},"end":{"line":22,"column":22}},"7":{"start":{"line":24,"column":0},"end":{"line":24,"column":51}},"8":{"start":{"line":27,"column":0},"end":{"line":27,"column":36}},"9":{"start":{"line":29,"column":0},"end":{"line":33,"column":50}},"10":{"start":{"line":30,"column":22},"end":{"line":30,"column":55}},"11":{"start":{"line":31,"column":22},"end":{"line":31,"column":54}},"12":{"start":{"line":32,"column":22},"end":{"line":32,"column":51}},"13":{"start":{"line":33,"column":22},"end":{"line":33,"column":48}}},"branchMap":{},"code":["//#! /usr/bin/env node","","// CHeck for incompatibilities","require('../lib/compatible')","","// Proceed","require('babel-polyfill')","","var program = require('commander')","var pack = require('../package.json')","var Upgrader = require('../lib/upgrader')","","program","  .version(pack.version)","  .option('-d, --no-dns-check', 'Disable the internet connectivity test')","  .option('-p, --no-spinner', 'Disable the spinner animation')","  .option('-e, --no-execution-policy-check', 'Disable the PowerShell execution policy test')","  .option('-n, --npm-path <path>', '(Optional) If passed, npm will be upgraded in the specified location')","  .option('-v, --npm-version <version>', '(Optional) If passed, npm will be upgraded/downgraded to the specified version')","  .option('--quiet', 'No output')","  .option('--no-prompt', '[Deprecated] Use --no-spinner instead')","  .parse(process.argv)","","console.log('npm-windows-upgrade v' + pack.version)","","// Execute","var upgrader = new Upgrader(program)","","upgrader.ensureExecutionPolicy()","  .then(function () { return upgrader.ensureInternet() })","  .then(function () { return upgrader.chooseVersion() })","  .then(function () { return upgrader.choosePath() })","  .then(function () { return upgrader.upgrade() })",""],"l":{"4":4,"7":0,"9":0,"10":0,"11":0,"13":0,"24":0,"27":0,"29":0,"30":0,"31":0,"32":0,"33":0}},"/home/travis/build/npmtest/node-npmtest-npm-windows-upgrade/node_modules/npm-windows-upgrade/lib/compatible.js":{"path":"/home/travis/build/npmtest/node-npmtest-npm-windows-upgrade/node_modules/npm-windows-upgrade/lib/compatible.js","s":{"1":6,"2":6,"3":0,"4":0,"5":0,"6":0,"7":0,"8":0,"9":0,"10":6,"11":6},"b":{"1":[0,6],"2":[6,0]},"f":{"1":6},"fnMap":{"1":{"name":"(anonymous_1)","line":3,"loc":{"start":{"line":3,"column":16},"end":{"line":3,"column":28}}}},"statementMap":{"1":{"start":{"line":3,"column":0},"end":{"line":17,"column":4}},"2":{"start":{"line":4,"column":2},"end":{"line":12,"column":3}},"3":{"start":{"line":5,"column":4},"end":{"line":5,"column":83}},"4":{"start":{"line":6,"column":4},"end":{"line":6,"column":83}},"5":{"start":{"line":7,"column":4},"end":{"line":7,"column":83}},"6":{"start":{"line":8,"column":4},"end":{"line":8,"column":78}},"7":{"start":{"line":9,"column":4},"end":{"line":9,"column":84}},"8":{"start":{"line":10,"column":4},"end":{"line":10,"column":69}},"9":{"start":{"line":11,"column":4},"end":{"line":11,"column":84}},"10":{"start":{"line":14,"column":2},"end":{"line":16,"column":3}},"11":{"start":{"line":15,"column":4},"end":{"line":15,"column":87}}},"branchMap":{"1":{"line":4,"type":"if","locations":[{"start":{"line":4,"column":2},"end":{"line":4,"column":2}},{"start":{"line":4,"column":2},"end":{"line":4,"column":2}}]},"2":{"line":14,"type":"if","locations":[{"start":{"line":14,"column":2},"end":{"line":14,"column":2}},{"start":{"line":14,"column":2},"end":{"line":14,"column":2}}]}},"code":["'use strict';","","module.export = function () {","  if (process.version === 'v7.1.0') {","    console.warn('--------------------------------------------------------------');","    console.warn('You are running Node v7.1.0, which has a known bug on Windows,');","    console.warn('breaking Node applications using the console (Powershell/CMD).');","    console.warn('Please upgrade to a newer version or use Node v7.0.0.\\n\\n');","    console.warn('Visit https://github.com/nodejs/node/issues/9542 for details.\\n');","    console.warn('npm-windows-update will now run, but might fail.');","    console.warn('---------------------------------------------------------------');","  }","","  if (!/^win/.test(process.platform)) {","    throw new Error('This script upgrades npm on Windows, but the OS is not Windows.');","  }","}();","//# sourceMappingURL=compatible.js.map"],"l":{"3":6,"4":6,"5":0,"6":0,"7":0,"8":0,"9":0,"10":0,"11":0,"14":6,"15":6}},"/home/travis/build/npmtest/node-npmtest-npm-windows-upgrade/node_modules/npm-windows-upgrade/lib/debug.js":{"path":"/home/travis/build/npmtest/node-npmtest-npm-windows-upgrade/node_modules/npm-windows-upgrade/lib/debug.js","s":{"1":8,"2":0,"3":1,"4":0,"5":0},"b":{},"f":{"1":0},"fnMap":{"1":{"name":"debug","line":8,"loc":{"start":{"line":8,"column":0},"end":{"line":8,"column":24}}}},"statementMap":{"1":{"start":{"line":3,"column":0},"end":{"line":3,"column":48}},"2":{"start":{"line":6,"column":0},"end":{"line":6,"column":38}},"3":{"start":{"line":8,"column":0},"end":{"line":10,"column":1}},"4":{"start":{"line":9,"column":2},"end":{"line":9,"column":20}},"5":{"start":{"line":12,"column":0},"end":{"line":12,"column":23}}},"branchMap":{},"code":["'use strict';","","var d = require('debug')('npm-windows-upgrade');","","// Ensure that all output is sent to stdout","debug.log = console.log.bind(console);","","function debug(message) {","  return d(message);","}","","module.exports = debug;","//# sourceMappingURL=debug.js.map"],"l":{"3":8,"6":0,"8":1,"9":0,"12":0}},"/home/travis/build/npmtest/node-npmtest-npm-windows-upgrade/node_modules/npm-windows-upgrade/lib/find-npm.js":{"path":"/home/travis/build/npmtest/node-npmtest-npm-windows-upgrade/node_modules/npm-windows-upgrade/lib/find-npm.js","s":{"1":2,"2":2,"3":2,"4":2,"5":0,"6":0,"7":1,"8":0,"9":0,"10":0,"11":0,"12":0,"13":0,"14":0,"15":1,"16":0,"17":0,"18":0,"19":0,"20":0,"21":0,"22":0,"23":0,"24":0,"25":0,"26":0,"27":0,"28":0,"29":0,"30":0,"31":0,"32":0,"33":0,"34":0,"35":0,"36":1,"37":0,"38":0,"39":0,"40":0,"41":0,"42":0,"43":0,"44":0,"45":0,"46":0,"47":0,"48":0,"49":1,"50":0,"51":0,"52":0,"53":0,"54":0,"55":0,"56":0,"57":1,"58":0,"59":0,"60":0,"61":0},"b":{"1":[0,0],"2":[0,0],"3":[0,0],"4":[0,0],"5":[0,0,0],"6":[0,0],"7":[0,0],"8":[0,0],"9":[0,0],"10":[0,0],"11":[0,0],"12":[0,0,0,0],"13":[0,0]},"f":{"1":0,"2":0,"3":0,"4":0,"5":0,"6":0,"7":0,"8":0,"9":0,"10":0,"11":0,"12":0,"13":0,"14":0},"fnMap":{"1":{"name":"_getPathFromNpm","line":19,"loc":{"start":{"line":19,"column":0},"end":{"line":19,"column":27}}},"2":{"name":"(anonymous_2)","line":20,"loc":{"start":{"line":20,"column":21},"end":{"line":20,"column":40}}},"3":{"name":"(anonymous_3)","line":21,"loc":{"start":{"line":21,"column":43},"end":{"line":21,"column":66}}},"4":{"name":"_getPathFromPowerShell","line":38,"loc":{"start":{"line":38,"column":0},"end":{"line":38,"column":34}}},"5":{"name":"(anonymous_5)","line":39,"loc":{"start":{"line":39,"column":21},"end":{"line":39,"column":40}}},"6":{"name":"(anonymous_6)","line":47,"loc":{"start":{"line":47,"column":28},"end":{"line":47,"column":44}}},"7":{"name":"(anonymous_7)","line":52,"loc":{"start":{"line":52,"column":28},"end":{"line":52,"column":44}}},"8":{"name":"(anonymous_8)","line":57,"loc":{"start":{"line":57,"column":21},"end":{"line":57,"column":33}}},"9":{"name":"_getPath","line":81,"loc":{"start":{"line":81,"column":0},"end":{"line":81,"column":20}}},"10":{"name":"(anonymous_10)","line":82,"loc":{"start":{"line":82,"column":73},"end":{"line":82,"column":92}}},"11":{"name":"_checkPath","line":121,"loc":{"start":{"line":121,"column":0},"end":{"line":121,"column":29}}},"12":{"name":"(anonymous_12)","line":122,"loc":{"start":{"line":122,"column":21},"end":{"line":122,"column":48}}},"13":{"name":"(anonymous_13)","line":124,"loc":{"start":{"line":124,"column":24},"end":{"line":124,"column":46}}},"14":{"name":"findNpm","line":147,"loc":{"start":{"line":147,"column":0},"end":{"line":147,"column":26}}}},"statementMap":{"1":{"start":{"line":3,"column":0},"end":{"line":5,"column":25}},"2":{"start":{"line":7,"column":0},"end":{"line":7,"column":23}},"3":{"start":{"line":8,"column":0},"end":{"line":8,"column":27}},"4":{"start":{"line":10,"column":0},"end":{"line":10,"column":31}},"5":{"start":{"line":11,"column":0},"end":{"line":11,"column":31}},"6":{"start":{"line":12,"column":0},"end":{"line":12,"column":35}},"7":{"start":{"line":19,"column":0},"end":{"line":31,"column":1}},"8":{"start":{"line":20,"column":2},"end":{"line":30,"column":5}},"9":{"start":{"line":21,"column":4},"end":{"line":29,"column":7}},"10":{"start":{"line":22,"column":6},"end":{"line":28,"column":7}},"11":{"start":{"line":23,"column":8},"end":{"line":23,"column":22}},"12":{"start":{"line":25,"column":8},"end":{"line":25,"column":47}},"13":{"start":{"line":26,"column":8},"end":{"line":26,"column":73}},"14":{"start":{"line":27,"column":8},"end":{"line":27,"column":25}},"15":{"start":{"line":38,"column":0},"end":{"line":73,"column":1}},"16":{"start":{"line":39,"column":2},"end":{"line":72,"column":5}},"17":{"start":{"line":40,"column":4},"end":{"line":40,"column":78}},"18":{"start":{"line":41,"column":4},"end":{"line":41,"column":49}},"19":{"start":{"line":42,"column":4},"end":{"line":42,"column":46}},"20":{"start":{"line":44,"column":4},"end":{"line":44,"column":20}},"21":{"start":{"line":45,"column":4},"end":{"line":45,"column":20}},"22":{"start":{"line":47,"column":4},"end":{"line":50,"column":7}},"23":{"start":{"line":48,"column":6},"end":{"line":48,"column":63}},"24":{"start":{"line":49,"column":6},"end":{"line":49,"column":35}},"25":{"start":{"line":52,"column":4},"end":{"line":55,"column":7}},"26":{"start":{"line":53,"column":6},"end":{"line":53,"column":63}},"27":{"start":{"line":54,"column":6},"end":{"line":54,"column":35}},"28":{"start":{"line":57,"column":4},"end":{"line":69,"column":7}},"29":{"start":{"line":58,"column":6},"end":{"line":58,"column":74}},"30":{"start":{"line":60,"column":6},"end":{"line":68,"column":7}},"31":{"start":{"line":63,"column":8},"end":{"line":63,"column":59}},"32":{"start":{"line":64,"column":8},"end":{"line":64,"column":80}},"33":{"start":{"line":65,"column":8},"end":{"line":65,"column":25}},"34":{"start":{"line":67,"column":8},"end":{"line":67,"column":22}},"35":{"start":{"line":71,"column":4},"end":{"line":71,"column":22}},"36":{"start":{"line":81,"column":0},"end":{"line":113,"column":1}},"37":{"start":{"line":82,"column":2},"end":{"line":112,"column":5}},"38":{"start":{"line":83,"column":4},"end":{"line":83,"column":35}},"39":{"start":{"line":84,"column":4},"end":{"line":84,"column":42}},"40":{"start":{"line":87,"column":4},"end":{"line":87,"column":78}},"41":{"start":{"line":88,"column":4},"end":{"line":88,"column":64}},"42":{"start":{"line":89,"column":4},"end":{"line":89,"column":66}},"43":{"start":{"line":90,"column":4},"end":{"line":90,"column":52}},"44":{"start":{"line":96,"column":4},"end":{"line":111,"column":5}},"45":{"start":{"line":97,"column":6},"end":{"line":100,"column":8}},"46":{"start":{"line":101,"column":11},"end":{"line":111,"column":5}},"47":{"start":{"line":102,"column":6},"end":{"line":105,"column":8}},"48":{"start":{"line":107,"column":6},"end":{"line":110,"column":8}},"49":{"start":{"line":121,"column":0},"end":{"line":138,"column":1}},"50":{"start":{"line":122,"column":2},"end":{"line":137,"column":5}},"51":{"start":{"line":123,"column":4},"end":{"line":136,"column":5}},"52":{"start":{"line":124,"column":6},"end":{"line":133,"column":9}},"53":{"start":{"line":125,"column":8},"end":{"line":132,"column":9}},"54":{"start":{"line":126,"column":10},"end":{"line":126,"column":64}},"55":{"start":{"line":128,"column":10},"end":{"line":131,"column":13}},"56":{"start":{"line":135,"column":6},"end":{"line":135,"column":76}},"57":{"start":{"line":147,"column":0},"end":{"line":153,"column":1}},"58":{"start":{"line":148,"column":2},"end":{"line":152,"column":3}},"59":{"start":{"line":149,"column":4},"end":{"line":149,"column":31}},"60":{"start":{"line":151,"column":4},"end":{"line":151,"column":22}},"61":{"start":{"line":155,"column":0},"end":{"line":155,"column":25}}},"branchMap":{"1":{"line":22,"type":"if","locations":[{"start":{"line":22,"column":6},"end":{"line":22,"column":6}},{"start":{"line":22,"column":6},"end":{"line":22,"column":6}}]},"2":{"line":58,"type":"cond-expr","locations":[{"start":{"line":58,"column":50},"end":{"line":58,"column":66}},{"start":{"line":58,"column":69},"end":{"line":58,"column":73}}]},"3":{"line":58,"type":"binary-expr","locations":[{"start":{"line":58,"column":20},"end":{"line":58,"column":29}},{"start":{"line":58,"column":33},"end":{"line":58,"column":47}}]},"4":{"line":60,"type":"if","locations":[{"start":{"line":60,"column":6},"end":{"line":60,"column":6}},{"start":{"line":60,"column":6},"end":{"line":60,"column":6}}]},"5":{"line":60,"type":"binary-expr","locations":[{"start":{"line":60,"column":10},"end":{"line":60,"column":29}},{"start":{"line":60,"column":33},"end":{"line":60,"column":40}},{"start":{"line":60,"column":44},"end":{"line":60,"column":91}}]},"6":{"line":83,"type":"binary-expr","locations":[{"start":{"line":83,"column":18},"end":{"line":83,"column":28}},{"start":{"line":83,"column":32},"end":{"line":83,"column":34}}]},"7":{"line":84,"type":"binary-expr","locations":[{"start":{"line":84,"column":25},"end":{"line":84,"column":35}},{"start":{"line":84,"column":39},"end":{"line":84,"column":41}}]},"8":{"line":96,"type":"if","locations":[{"start":{"line":96,"column":4},"end":{"line":96,"column":4}},{"start":{"line":96,"column":4},"end":{"line":96,"column":4}}]},"9":{"line":101,"type":"if","locations":[{"start":{"line":101,"column":11},"end":{"line":101,"column":11}},{"start":{"line":101,"column":11},"end":{"line":101,"column":11}}]},"10":{"line":123,"type":"if","locations":[{"start":{"line":123,"column":4},"end":{"line":123,"column":4}},{"start":{"line":123,"column":4},"end":{"line":123,"column":4}}]},"11":{"line":125,"type":"if","locations":[{"start":{"line":125,"column":8},"end":{"line":125,"column":8}},{"start":{"line":125,"column":8},"end":{"line":125,"column":8}}]},"12":{"line":125,"type":"binary-expr","locations":[{"start":{"line":125,"column":12},"end":{"line":125,"column":15}},{"start":{"line":125,"column":19},"end":{"line":125,"column":25}},{"start":{"line":125,"column":29},"end":{"line":125,"column":46}},{"start":{"line":125,"column":50},"end":{"line":125,"column":70}}]},"13":{"line":148,"type":"if","locations":[{"start":{"line":148,"column":2},"end":{"line":148,"column":2}},{"start":{"line":148,"column":2},"end":{"line":148,"column":2}}]}},"code":["'use strict';","","var _require = require('child_process'),","    spawn = _require.spawn,","    exec = _require.exec;","","var fs = require('fs');","var path = require('path');","","var utils = require('./utils');","var debug = require('./debug');","var strings = require('./strings');","","/**"," * Attempts to get npm's path by calling out to \"npm config\""," *"," * @returns {Promise.<string>} - Promise that resolves with the found path (or null if not found)"," */","function _getPathFromNpm() {","  return new Promise(function (resolve) {","    exec('npm config --global get prefix', function (err, stdout) {","      if (err) {","        resolve(null);","      } else {","        var npmPath = stdout.replace(/\\n/, '');","        debug('PowerShell: _getPathFromNpm() resoving with: ' + npmPath);","        resolve(npmPath);","      }","    });","  });","}","","/**"," * Attempts to get npm's path by calling out to \"Get-Command npm\""," *"," * @returns {Promise.<string>} - Promise that resolves with the found path (or null if not found)"," */","function _getPathFromPowerShell() {","  return new Promise(function (resolve) {","    var psArgs = 'Get-Command npm | Select-Object -ExpandProperty Definition';","    var args = ['-NoProfile', '-NoLogo', psArgs];","    var child = spawn('powershell.exe', args);","","    var stdout = [];","    var stderr = [];","","    child.stdout.on('data', function (data) {","      debug('PowerShell: Stdout received: ' + data.toString());","      stdout.push(data.toString());","    });","","    child.stderr.on('data', function (data) {","      debug('PowerShell: Stderr received: ' + data.toString());","      stderr.push(data.toString());","    });","","    child.on('exit', function () {","      var cmdPath = stdout[0] && stdout[0].trim ? stdout[0].trim() : null;","","      if (stderr.length === 0 && cmdPath && cmdPath.slice(cmdPath.length - 7) === 'npm.cmd') {","        // We're probably installed in a location like C:\\Program Files\\nodejs\\npm.cmd,","        // meaning that we should not use the global prefix installation location","        var npmPath = cmdPath.slice(0, cmdPath.length - 8);","        debug('PowerShell: _getPathFromPowerShell() resoving with: ' + npmPath);","        resolve(npmPath);","      } else {","        resolve(null);","      }","    });","","    child.stdin.end();","  });","}","","/**"," * Attempts to get the current installation location of npm by looking up the global prefix."," * Prefer PowerShell, be falls back to npm's opinion"," *"," * @return {Promise.<string>} - NodeJS installation path"," */","function _getPath() {","  return Promise.all([_getPathFromPowerShell(), _getPathFromNpm()]).then(function (results) {","    var fromNpm = results[1] || '';","    var fromPowershell = results[0] || '';","","    // Quickly check if there's an npm folder in there","    var fromPowershellPath = path.join(fromPowershell, 'node_modules', 'npm');","    var fromNpmPath = path.join(fromNpm, 'node_modules', 'npm');","    var isFromPowershell = utils.isPathExists(fromPowershellPath);","    var isFromNpm = utils.isPathExists(fromNpmPath);","","    // Found in...","    // Powershell: -> return powershell path","    // npm:        -> return npm path","    // nowhere:    -> return powershell path","    if (isFromPowershell) {","      return {","        path: fromPowershell,","        message: strings.npmFoundIn(fromPowershell, fromNpm, fromPowershell)","      };","    } else if (isFromNpm) {","      return {","        path: fromNpm,","        message: strings.npmFoundIn(fromPowershell, fromNpm, fromNpm)","      };","    } else {","      return {","        path: fromPowershell,","        message: strings.npmNotFoundGuessing(fromPowershell, fromNpm, fromPowershell)","      };","    }","  });","}","","/**"," * Attempts to get npm's path by calling out to \"npm config\""," *"," * @param  {string} npmPath - Input path if given by user"," * @returns {Promise.<string>}"," */","function _checkPath(npmPath) {","  return new Promise(function (resolve, reject) {","    if (npmPath) {","      fs.lstat(npmPath, function (err, stats) {","        if (err || !stats || stats.isDirectory && !stats.isDirectory()) {","          reject(new Error(strings.givenPathNotValid(npmPath)));","        } else {","          resolve({","            path: npmPath,","            message: strings.givenPathValid(npmPath)","          });","        }","      });","    } else {","      reject(new Error('Called _checkPath() with insufficient parameters'));","    }","  });","}","","/**"," * Finds npm - either by checking a given path, or by"," * asking the system for the location"," *"," * @param {string} npmPath - Input path if given by user"," * @returns {Promise.<string>}"," */","function findNpm(npmPath) {","  if (npmPath) {","    return _checkPath(npmPath);","  } else {","    return _getPath();","  }","}","","module.exports = findNpm;","//# sourceMappingURL=find-npm.js.map"],"l":{"3":2,"7":2,"8":2,"10":2,"11":0,"12":0,"19":1,"20":0,"21":0,"22":0,"23":0,"25":0,"26":0,"27":0,"38":1,"39":0,"40":0,"41":0,"42":0,"44":0,"45":0,"47":0,"48":0,"49":0,"52":0,"53":0,"54":0,"57":0,"58":0,"60":0,"63":0,"64":0,"65":0,"67":0,"71":0,"81":1,"82":0,"83":0,"84":0,"87":0,"88":0,"89":0,"90":0,"96":0,"97":0,"101":0,"102":0,"107":0,"121":1,"122":0,"123":0,"124":0,"125":0,"126":0,"128":0,"135":0,"147":1,"148":0,"149":0,"151":0,"155":0}},"/home/travis/build/npmtest/node-npmtest-npm-windows-upgrade/node_modules/npm-windows-upgrade/lib/utils.js":{"path":"/home/travis/build/npmtest/node-npmtest-npm-windows-upgrade/node_modules/npm-windows-upgrade/lib/utils.js","s":{"1":4,"2":4,"3":4,"4":1,"5":0,"6":0,"7":0,"8":0,"9":0,"10":0,"11":1,"12":0,"13":0,"14":0,"15":0,"16":0,"17":1,"18":0,"19":0,"20":0,"21":0,"22":0,"23":0,"24":0,"25":0,"26":0,"27":0,"28":0,"29":0,"30":0,"31":0,"32":0,"33":0,"34":0,"35":0,"36":0,"37":0,"38":0,"39":0,"40":0,"41":0,"42":1,"43":0,"44":0,"45":0,"46":0,"47":0,"48":0,"49":0},"b":{"1":[0,0],"2":[0,0],"3":[0,0],"4":[0,0,0],"5":[0,0]},"f":{"1":0,"2":0,"3":0,"4":0,"5":0,"6":0,"7":0,"8":0,"9":0,"10":0,"11":0,"12":0},"fnMap":{"1":{"name":"exit","line":20,"loc":{"start":{"line":20,"column":0},"end":{"line":20,"column":22}}},"2":{"name":"(anonymous_2)","line":26,"loc":{"start":{"line":26,"column":21},"end":{"line":26,"column":40}}},"3":{"name":"checkInternetConnection","line":39,"loc":{"start":{"line":39,"column":0},"end":{"line":39,"column":35}}},"4":{"name":"(anonymous_4)","line":40,"loc":{"start":{"line":40,"column":21},"end":{"line":40,"column":40}}},"5":{"name":"(anonymous_5)","line":41,"loc":{"start":{"line":41,"column":43},"end":{"line":41,"column":58}}},"6":{"name":"checkExecutionPolicy","line":56,"loc":{"start":{"line":56,"column":0},"end":{"line":56,"column":32}}},"7":{"name":"(anonymous_7)","line":57,"loc":{"start":{"line":57,"column":21},"end":{"line":57,"column":48}}},"8":{"name":"(anonymous_8)","line":69,"loc":{"start":{"line":69,"column":28},"end":{"line":69,"column":44}}},"9":{"name":"(anonymous_9)","line":74,"loc":{"start":{"line":74,"column":28},"end":{"line":74,"column":44}}},"10":{"name":"(anonymous_10)","line":79,"loc":{"start":{"line":79,"column":21},"end":{"line":79,"column":33}}},"11":{"name":"(anonymous_11)","line":80,"loc":{"start":{"line":80,"column":35},"end":{"line":80,"column":51}}},"12":{"name":"isPathExists","line":104,"loc":{"start":{"line":104,"column":0},"end":{"line":104,"column":32}}}},"statementMap":{"1":{"start":{"line":3,"column":0},"end":{"line":3,"column":23}},"2":{"start":{"line":5,"column":0},"end":{"line":6,"column":27}},"3":{"start":{"line":11,"column":0},"end":{"line":11,"column":31}},"4":{"start":{"line":20,"column":0},"end":{"line":32,"column":1}},"5":{"start":{"line":21,"column":2},"end":{"line":23,"column":3}},"6":{"start":{"line":22,"column":4},"end":{"line":22,"column":41}},"7":{"start":{"line":25,"column":2},"end":{"line":29,"column":3}},"8":{"start":{"line":26,"column":4},"end":{"line":28,"column":7}},"9":{"start":{"line":27,"column":6},"end":{"line":27,"column":34}},"10":{"start":{"line":31,"column":2},"end":{"line":31,"column":23}},"11":{"start":{"line":39,"column":0},"end":{"line":49,"column":1}},"12":{"start":{"line":40,"column":2},"end":{"line":48,"column":5}},"13":{"start":{"line":41,"column":4},"end":{"line":47,"column":7}},"14":{"start":{"line":42,"column":6},"end":{"line":46,"column":7}},"15":{"start":{"line":43,"column":8},"end":{"line":43,"column":23}},"16":{"start":{"line":45,"column":8},"end":{"line":45,"column":22}},"17":{"start":{"line":56,"column":0},"end":{"line":96,"column":1}},"18":{"start":{"line":57,"column":2},"end":{"line":95,"column":5}},"19":{"start":{"line":58,"column":4},"end":{"line":58,"column":20}},"20":{"start":{"line":59,"column":4},"end":{"line":59,"column":23}},"21":{"start":{"line":61,"column":4},"end":{"line":67,"column":5}},"22":{"start":{"line":62,"column":6},"end":{"line":62,"column":64}},"23":{"start":{"line":63,"column":6},"end":{"line":63,"column":88}},"24":{"start":{"line":65,"column":6},"end":{"line":65,"column":60}},"25":{"start":{"line":66,"column":6},"end":{"line":66,"column":20}},"26":{"start":{"line":69,"column":4},"end":{"line":72,"column":7}},"27":{"start":{"line":70,"column":6},"end":{"line":70,"column":63}},"28":{"start":{"line":71,"column":6},"end":{"line":71,"column":35}},"29":{"start":{"line":74,"column":4},"end":{"line":77,"column":7}},"30":{"start":{"line":75,"column":6},"end":{"line":75,"column":63}},"31":{"start":{"line":76,"column":6},"end":{"line":76,"column":35}},"32":{"start":{"line":79,"column":4},"end":{"line":92,"column":7}},"33":{"start":{"line":80,"column":6},"end":{"line":82,"column":9}},"34":{"start":{"line":81,"column":8},"end":{"line":81,"column":105}},"35":{"start":{"line":83,"column":6},"end":{"line":83,"column":45}},"36":{"start":{"line":85,"column":6},"end":{"line":91,"column":7}},"37":{"start":{"line":86,"column":8},"end":{"line":86,"column":58}},"38":{"start":{"line":87,"column":8},"end":{"line":87,"column":23}},"39":{"start":{"line":89,"column":8},"end":{"line":89,"column":59}},"40":{"start":{"line":90,"column":8},"end":{"line":90,"column":22}},"41":{"start":{"line":94,"column":4},"end":{"line":94,"column":22}},"42":{"start":{"line":104,"column":0},"end":{"line":113,"column":1}},"43":{"start":{"line":105,"column":2},"end":{"line":112,"column":3}},"44":{"start":{"line":106,"column":4},"end":{"line":106,"column":28}},"45":{"start":{"line":107,"column":4},"end":{"line":107,"column":60}},"46":{"start":{"line":108,"column":4},"end":{"line":108,"column":16}},"47":{"start":{"line":110,"column":4},"end":{"line":110,"column":68}},"48":{"start":{"line":111,"column":4},"end":{"line":111,"column":17}},"49":{"start":{"line":115,"column":0},"end":{"line":120,"column":2}}},"branchMap":{"1":{"line":25,"type":"if","locations":[{"start":{"line":25,"column":2},"end":{"line":25,"column":2}},{"start":{"line":25,"column":2},"end":{"line":25,"column":2}}]},"2":{"line":42,"type":"if","locations":[{"start":{"line":42,"column":6},"end":{"line":42,"column":6}},{"start":{"line":42,"column":6},"end":{"line":42,"column":6}}]},"3":{"line":42,"type":"binary-expr","locations":[{"start":{"line":42,"column":10},"end":{"line":42,"column":13}},{"start":{"line":42,"column":17},"end":{"line":42,"column":41}}]},"4":{"line":81,"type":"binary-expr","locations":[{"start":{"line":81,"column":15},"end":{"line":81,"column":44}},{"start":{"line":81,"column":48},"end":{"line":81,"column":77}},{"start":{"line":81,"column":81},"end":{"line":81,"column":104}}]},"5":{"line":85,"type":"if","locations":[{"start":{"line":85,"column":6},"end":{"line":85,"column":6}},{"start":{"line":85,"column":6},"end":{"line":85,"column":6}}]}},"code":["'use strict';","","var fs = require('fs');","","var _require = require('child_process'),","    spawn = _require.spawn;","","// Internal Modules","","","var debug = require('./debug');","","/**"," * Exits the process with a given status,"," * logging a given message before exiting."," *"," * @param {number} status - exit status"," * @param {string} messages - message to log"," */","function exit(status) {","  for (var _len = arguments.length, messages = Array(_len > 1 ? _len - 1 : 0), _key = 1; _key < _len; _key++) {","    messages[_key - 1] = arguments[_key];","  }","","  if (messages) {","    messages.forEach(function (message) {","      return console.log(message);","    });","  }","","  process.exit(status);","}","","/**"," * Checks for an active Internet connection by doing a DNS lookup of Microsoft.com."," *"," * @return {Promise.<boolean>} - True if lookup succeeded (or if we skip the test)"," */","function checkInternetConnection() {","  return new Promise(function (resolve) {","    require('dns').lookup('microsoft.com', function (err) {","      if (err && err.code === 'ENOTFOUND') {","        resolve(false);","      } else {","        resolve(true);","      }","    });","  });","}","","/**"," * Checks the current Windows PS1 execution policy. The upgrader requires an unrestricted policy."," *"," * @return {Promise.<boolean>} - True if unrestricted, false if it isn't"," */","function checkExecutionPolicy() {","  return new Promise(function (resolve, reject) {","    var output = [];","    var child = void 0;","","    try {","      debug('Powershell: Attempting to spawn PowerShell child');","      child = spawn('powershell.exe', ['-NoProfile', '-NoLogo', 'Get-ExecutionPolicy']);","    } catch (error) {","      debug('Powershell: Could not spawn PowerShell child');","      reject(error);","    }","","    child.stdout.on('data', function (data) {","      debug('PowerShell: Stdout received: ' + data.toString());","      output.push(data.toString());","    });","","    child.stderr.on('data', function (data) {","      debug('PowerShell: Stderr received: ' + data.toString());","      output.push(data.toString());","    });","","    child.on('exit', function () {","      var linesHit = output.filter(function (line) {","        
[...]
        message: 'Which version do you want to install?',","                choices: availableVersions.reverse()","              }];","              _context4.next = 7;","              return regeneratorRuntime.awrap(inquirer.prompt(versionList).then(function (answer) {","                return answer.version;","              }));","","            case 7:","              this.options.npmVersion = _context4.sent;","","            case 8:","              if (!(this.options.npmVersion === 'latest')) {","                _context4.next = 12;","                break;","              }","","              _context4.next = 11;","              return regeneratorRuntime.awrap(versions.getLatestNPMVersion());","","            case 11:","              this.options.npmVersion = _context4.sent;","","            case 12:","            case 'end':","              return _context4.stop();","          }","        }","      }, null, this);","    }","","    /**","     * Executes the upgrader's \"let's find npm\" logic","     */","","  }, {","    key: 'choosePath',","    value: function choosePath() {","      var npmPaths;","      return regeneratorRuntime.async(function choosePath$(_context5) {","        while (1) {","          switch (_context5.prev = _context5.next) {","            case 0:","              _context5.prev = 0;","              _context5.next = 3;","              return regeneratorRuntime.awrap(findNpm(this.options.npmPath));","","            case 3:","              npmPaths = _context5.sent;","","","              this.log(npmPaths.message);","              this.options.npmPath = npmPaths.path;","","              debug('Upgrader: Chosen npm path: ' + this.options.npmPath);","              _context5.next = 12;","              break;","","            case 9:","              _context5.prev = 9;","              _context5.t0 = _context5['catch'](0);","","              utils.exit(1, _context5.t0);","","            case 12:","            case 'end':","              return _context5.stop();","          }","        }","      }, null, this, [[0, 9]]);","    }","","    /**","     * Attempts a simple upgrade, eventually calling npm install -g npm","     *","     * @param {string} version - Version that should be installed","     * @private","     */","","  }, {","    key: 'upgradeSimple',","    value: function upgradeSimple() {","      var output;","      return regeneratorRuntime.async(function upgradeSimple$(_context6) {","        while (1) {","          switch (_context6.prev = _context6.next) {","            case 0:","              this.spinner = new Spinner(strings.startingUpgradeSimple + ' %s');","","              if (this.options.spinner === false) {","                console.log(strings.startingUpgradeSimple);","              } else {","                this.spinner.start();","              }","","              _context6.next = 4;","              return regeneratorRuntime.awrap(powershell.runSimpleUpgrade(this.options.npmVersion));","","            case 4:","              output = _context6.sent;","","","              this.spinner.stop(false);","              console.log('\\n');","","              if (!output.error) {","                _context6.next = 9;","                break;","              }","","              throw output.error;","","            case 9:","            case 'end':","              return _context6.stop();","          }","        }","      }, null, this);","    }","","    /**","     * Upgrades npm in the correct directory, securing and reapplying","     * existing configuration","     *","     * @param  {string} version - Version that should be installed","     * @param  {string} npmPath - Path where npm should be installed","     * @private","     */","","  }, {","    key: 'upgradeComplex',","    value: function upgradeComplex() {","      var output;","      return regeneratorRuntime.async(function upgradeComplex$(_context7) {","        while (1) {","          switch (_context7.prev = _context7.next) {","            case 0:","              this.spinner = new Spinner(strings.startingUpgradeComplex + ' %s');","","              if (this.options.spinner === false) {","                console.log(strings.startingUpgradeComplex);","              } else {","                this.spinner.start();","              }","","              _context7.next = 4;","              return regeneratorRuntime.awrap(powershell.runUpgrade(this.options.npmVersion, this.options.npmPath));","","            case 4:","              output = _context7.sent;","","","              this.spinner.stop(false);","              console.log('\\n');","","              // If we failed to elevate to administrative rights, we have to abort.","              if (output.stdout[0] && output.stdout[0].includes('NOTADMIN')) {","                utils.exit(1, strings.noAdmin);","              }","","            case 8:","            case 'end':","              return _context7.stop();","          }","        }","      }, null, this);","    }","","    /**","     * Executes the full upgrade flow","     */","","  }, {","    key: 'upgrade',","    value: function upgrade() {","      var _this = this;","","      debug('Starting upgrade');","","      return this.upgradeComplex().then(function () {","        return _this.wasUpgradeSuccessful();","      }).then(function (isDone) {","        if (isDone) {","          // Awesome, the upgrade worked!","          utils.exit(0, strings.upgradeFinished(_this.installedVersion));","        } else {","          return _this.upgradeSimple();","        }","      }).then(function () {","        return _this.wasUpgradeSuccessful();","      }).then(function (isDone) {","        if (isDone) {","          // Awesome, the upgrade worked!","          utils.exit(0, strings.upgradeFinished(_this.installedVersion));","        } else {","          _this.logUpgradeFailure();","        }","      }).catch(function (err) {","        return console.log(err);","      });","    }","","    /**","     * Logs a message to console, unless the user specified quiet mode","     *","     * @param {string} message - message to log","     * @private","     */","","  }, {","    key: 'log',","    value: function log(message) {","      if (!this.options.quiet) {","        console.log(message);","      }","    }","","    /**","     * If the whole upgrade failed, we use this method to log a","     * detailed trace with versions - all to make it easier for","     * users to create meaningful issues.","     *","     * @param errors {array} - AS many errors as found","     */","","  }, {","    key: 'logUpgradeFailure',","    value: function logUpgradeFailure() {","      var _this2 = this;","","      for (var _len = arguments.length, errors = Array(_len), _key = 0; _key < _len; _key++) {","        errors[_key] = arguments[_key];","      }","","      // Uh-oh, something didn't work as it should have.","      versions.getVersions().then(function (debugVersions) {","        var info = void 0;","","        if (_this2.options.npmVersion && _this2.installedVersion) {","          info = 'You wanted to install npm ' + _this2.options.npmVersion + ', but the installed version is ' + _this2.installedVersion + '.\\n\\n';","          info += 'A common reason is an attempted \"npm install npm\" or \"npm upgrade npm\".';","          info += 'As of today, the only solution is to completely uninstall and then reinstall Node.js.';","          info += 'For a small tutorial, please see http://aka.ms/fix-npm-upgrade.\\n';","        } else if (_this2.options.npmVersion) {","          info = 'You wanted to install npm ' + _this2.options.npmVersion + ', but we could not confirm that the installation succeeded.';","        } else {","          info = 'We encountered an error during installation.\\n';","        }","","        info += 'Please consider reporting your trouble to http://aka.ms/npm-issues.';","","        console.log(chalk.red(info));","","        console.log(chalk.bold('\\nDebug Information:\\n'));","        console.log(debugVersions);","","        if (errors && errors.length && errors.length > 0) console.log('Here is the error:');","","        // If we just got an error string (we shouldn't handle that)","        if (typeof errors !== 'string') {","          console.log('\\n' + errors + '\\n');","          return process.exit(1);","        }","","        for (var i = 0; i < errors.length; i++) {","          console.log('\\n' + errors[i] + '\\n');","        }","","        setTimeout(function () {","          process.exit(1);","        }, 1000);","      });","    }","  }]);","","  return Upgrader;","}();","","module.exports = Upgrader;","//# sourceMappingURL=upgrader.js.map"],"l":{"3":2,"5":1,"7":2,"10":0,"11":0,"13":0,"14":0,"15":0,"16":0,"17":0,"18":0,"21":0,"23":0,"24":1,"25":0,"27":0,"29":0,"30":0,"41":0,"44":0,"45":0,"46":0,"47":0,"49":0,"50":0,"51":0,"54":0,"55":0,"58":0,"61":0,"62":0,"67":0,"82":0,"83":0,"84":0,"85":0,"87":0,"88":0,"89":0,"92":0,"93":0,"94":0,"97":0,"100":0,"101":0,"103":0,"104":0,"107":0,"108":0,"110":0,"114":0,"129":0,"130":0,"131":0,"133":0,"134":0,"137":0,"138":0,"142":0,"155":0,"156":0,"157":0,"158":0,"160":0,"161":0,"162":0,"165":0,"166":0,"169":0,"170":0,"176":0,"177":0,"178":0,"182":0,"185":0,"186":0,"187":0,"190":0,"191":0,"194":0,"198":0,"211":0,"212":0,"213":0,"214":0,"216":0,"217":0,"218":0,"221":0,"224":0,"225":0,"227":0,"228":0,"229":0,"232":0,"233":0,"235":0,"239":0,"255":0,"256":0,"257":0,"258":0,"260":0,"262":0,"263":0,"265":0,"268":0,"269":0,"272":0,"275":0,"276":0,"278":0,"279":0,"280":0,"283":0,"287":0,"305":0,"306":0,"307":0,"308":0,"310":0,"312":0,"313":0,"315":0,"318":0,"319":0,"322":0,"325":0,"326":0,"329":0,"330":0,"335":0,"348":0,"350":0,"352":0,"353":0,"355":0,"357":0,"359":0,"362":0,"364":0,"366":0,"368":0,"371":0,"385":0,"386":0,"401":0,"403":0,"404":0,"408":0,"409":0,"411":0,"412":0,"413":0,"414":0,"415":0,"416":0,"417":0,"419":0,"422":0,"424":0,"426":0,"427":0,"429":0,"432":0,"433":0,"434":0,"437":0,"438":0,"441":0,"442":0,"448":0,"451":0}},"/home/travis/build/npmtest/node-npmtest-npm-windows-upgrade/node_modules/npm-windows-upgrade/lib/versions.js":{"path":"/home/travis/build/npmtest/node-npmtest-npm-windows-upgrade/node_modules/npm-windows-upgrade/lib/versions.js","s":{"1":1,"2":1,"3":1,"4":0,"5":0,"6":0,"7":0,"8":0,"9":0,"10":0,"11":1,"12":0,"13":0,"14":0,"15":0,"16":0,"17":0,"18":0,"19":1,"20":0,"21":0,"22":0,"23":0,"24":0,"25":0,"26":0,"27":0,"28":1,"29":0,"30":0,"31":0,"32":0,"33":0,"34":0,"35":1,"36":0,"37":0,"38":0,"39":0,"40":0,"41":0,"42":0,"43":0,"44":0,"45":0,"46":1},"b":{"1":[0,0],"2":[0,0],"3":[0,0],"4":[0,0],"5":[0,0]},"f":{"1":0,"2":0,"3":0,"4":0,"5":0,"6":0,"7":0,"8":0,"9":0,"10":0,"11":0,"12":0,"13":0,"14":0,"15":0},"fnMap":{"1":{"name":"getInstalledNPMVersion","line":10,"loc":{"start":{"line":10,"column":0},"end":{"line":10,"column":34}}},"2":{"name":"(anonymous_2)","line":11,"loc":{"start":{"line":11,"column":21},"end":{"line":11,"column":48}}},"3":{"name":"(anonymous_3)","line":14,"loc":{"start":{"line":14,"column":19},"end":{"line":14,"column":42}}},"4":{"name":"getAvailableNPMVersions","line":29,"loc":{"start":{"line":29,"column":0},"end":{"line":29,"column":35}}},"5":{"name":"(anonymous_5)","line":30,"loc":{"start":{"line":30,"column":21},"end":{"line":30,"column":48}}},"6":{"name":"(anonymous_6)","line":31,"loc":{"start":{"line":31,"column":41},"end":{"line":31,"column":64}}},"7":{"name":"getLatestNPMVersion","line":47,"loc":{"start":{"line":47,"column":0},"end":{"line":47,"column":31}}},"8":{"name":"(anonymous_8)","line":48,"loc":{"start":{"line":48,"column":21},"end":{"line":48,"column":48}}},"9":{"name":"(anonymous_9)","line":49,"loc":{"start":{"line":49,"column":33},"end":{"line":49,"column":56}}},"10":{"name":"_getWindowsVersion","line":66,"loc":{"start":{"line":66,"column":0},"end":{"line":66,"column":30}}},"11":{"name":"(anonymous_11)","line":67,"loc":{"start":{"line":67,"column":21},"end":{"line":67,"column":48}}},"12":{"name":"(anonymous_12)","line":69,"loc":{"start":{"line":69,"column":18},"end":{"line":69,"column":43}}},"13":{"name":"getVersions","line":82,"loc":{"start":{"line":82,"column":0},"end":{"line":82,"column":23}}},"14":{"name":"(anonymous_14)","line":83,"loc":{"start":{"line":83,"column":21},"end":{"line":83,"column":40}}},"15":{"name":"(anonymous_15)","line":94,"loc":{"start":{"line":94,"column":30},"end":{"line":94,"column":56}}}},"statementMap":{"1":{"start":{"line":3,"column":0},"end":{"line":3,"column":41}},"2":{"start":{"line":4,"column":0},"end":{"line":4,"column":52}},"3":{"start":{"line":10,"column":0},"end":{"line":23,"column":1}},"4":{"start":{"line":11,"column":2},"end":{"line":22,"column":5}},"5":{"start":{"line":12,"column":4},"end":{"line":12,"column":29}},"6":{"start":{"line":14,"column":4},"end":{"line":21,"column":7}},"7":{"start":{"line":15,"column":6},"end":{"line":20,"column":7}},"8":{"start":{"line":16,"column":8},"end":{"line":16,"column":62}},"9":{"start":{"line":18,"column":8},"end":{"line":18,"column":47}},"10":{"start":{"line":19,"column":8},"end":{"line":19,"column":29}},"11":{"start":{"line":29,"column":0},"end":{"line":41,"column":1}},"12":{"start":{"line":30,"column":2},"end":{"line":40,"column":5}},"13":{"start":{"line":31,"column":4},"end":{"line":39,"column":7}},"14":{"start":{"line":32,"column":6},"end":{"line":36,"column":7}},"15":{"start":{"line":33,"column":8},"end":{"line":33,"column":98}},"16":{"start":{"line":34,"column":8},"end":{"line":34,"column":98}},"17":{"start":{"line":35,"column":8},"end":{"line":35,"column":29}},"18":{"start":{"line":38,"column":6},"end":{"line":38,"column":34}},"19":{"start":{"line":47,"column":0},"end":{"line":61,"column":1}},"20":{"start":{"line":48,"column":2},"end":{"line":60,"column":5}},"21":{"start":{"line":49,"column":4},"end":{"line":59,"column":7}},"22":{"start":{"line":50,"column":6},"end":{"line":54,"column":7}},"23":{"start":{"line":51,"column":8},"end":{"line":51,"column":98}},"24":{"start":{"line":52,"column":8},"end":{"line":52,"column":98}},"25":{"start":{"line":53,"column":8},"end":{"line":53,"column":29}},"26":{"start":{"line":56,"column":6},"end":{"line":56,"column":56}},"27":{"start":{"line":58,"column":6},"end":{"line":58,"column":29}},"28":{"start":{"line":66,"column":0},"end":{"line":77,"column":1}},"29":{"start":{"line":67,"column":2},"end":{"line":76,"column":5}},"30":{"start":{"line":68,"column":4},"end":{"line":68,"column":73}},"31":{"start":{"line":69,"column":4},"end":{"line":75,"column":7}},"32":{"start":{"line":70,"column":6},"end":{"line":74,"column":7}},"33":{"start":{"line":71,"column":8},"end":{"line":71,"column":22}},"34":{"start":{"line":73,"column":8},"end":{"line":73,"column":24}},"35":{"start":{"line":82,"column":0},"end":{"line":99,"column":1}},"36":{"start":{"line":83,"column":2},"end":{"line":98,"column":5}},"37":{"start":{"line":84,"column":4},"end":{"line":84,"column":36}},"38":{"start":{"line":85,"column":4},"end":{"line":85,"column":28}},"39":{"start":{"line":86,"column":4},"end":{"line":86,"column":56}},"40":{"start":{"line":88,"column":4},"end":{"line":92,"column":5}},"41":{"start":{"line":89,"column":6},"end":{"line":91,"column":7}},"42":{"start":{"line":90,"column":8},"end":{"line":90,"column":63}},"43":{"start":{"line":94,"column":4},"end":{"line":97,"column":7}},"44":{"start":{"line":95,"column":6},"end":{"line":95,"column":60}},"45":{"start":{"line":96,"column":6},"end":{"line":96,"column":30}},"46":{"start":{"line":101,"column":0},"end":{"line":107,"column":2}}},"branchMap":{"1":{"line":15,"type":"if","locations":[{"start":{"line":15,"column":6},"end":{"line":15,"column":6}},{"start":{"line":15,"column":6},"end":{"line":15,"column":6}}]},"2":{"line":32,"type":"if","locations":[{"start":{"line":32,"column":6},"end":{"line":32,"column":6}},{"start":{"line":32,"column":6},"end":{"line":32,"column":6}}]},"3":{"line":50,"type":"if","locations":[{"start":{"line":50,"column":6},"end":{"line":50,"column":6}},{"start":{"line":50,"column":6},"end":{"line":50,"column":6}}]},"4":{"line":70,"type":"if","locations":[{"start":{"line":70,"column":6},"end":{"line":70,"column":6}},{"start":{"line":70,"column":6},"end":{"line":70,"column":6}}]},"5":{"line":89,"type":"if","locations":[{"start":{"line":89,"column":6},"end":{"line":89,"column":6}},{"start":{"line":89,"column":6},"end":{"line":89,"column":6}}]}},"code":["'use strict';","","var exec = require('child_process').exec;","var nwuVersion = require('../package.json').version;","","/**"," * Gets the currently installed version of npm (npm -v)"," * @return {Promise.<string>} - Installed version of npm"," */","function getInstalledNPMVersion() {","  return new Promise(function (resolve, reject) {","    var nodeVersion = void 0;","","    exec('npm -v', function (err, stdout) {","      if (err) {","        reject(new Error('Could not determine npm version.'));","      } else {","        nodeVersion = stdout.replace(/\\n/, '');","        resolve(nodeVersion);","      }","    });","  });","}","","/**"," * Fetches the published versions of npm from the npm registry"," * @return {Promise.<versions[]>} - Array of the available versions"," */","function getAvailableNPMVersions() {","  return new Promise(function (resolve, reject) {","    exec('npm view npm versions --json', function (err, stdout) {","      if (err) {","        var error = 'We could not show latest available versions. Try running this script again ';","        error += 'with the version you want to install (npm-windows-upgrade --npm-version 3.0.0)';","        return reject(error);","      }","","      resolve(JSON.parse(stdout));","    });","  });","}","","/**"," * Fetches the published versions of npm from the npm registry"," * @return {Promise.<version>} - Array of the available versions"," */","function getLatestNPMVersion() {","  return new Promise(function (resolve, reject) {","    exec('npm show npm version', function (err, stdout) {","      if (err) {","        var error = 'We could not show latest available versions. Try running this script again ';","        error += 'with the version you want to install (npm-windows-upgrade --npm-version 3.0.0)';","        return reject(error);","      }","","      var latest = stdout.replace(/(\\r\\n|\\n|\\r)/gm, '');","","      resolve(latest.trim());","    });","  });","}","","/**"," * Get the current name and version of Windows"," */","function _getWindowsVersion() {","  return new Promise(function (resolve, reject) {","    var command = 'systeminfo | findstr /B /C:\"OS Name\" /C:\"OS Version\"';","    exec(command, function (error, stdout) {","      if (error) {","        reject(error);","      } else {","        resolve(stdout);","      }","    });","  });","}","","/**"," * Get installed versions of virtually everything important"," */","function getVersions() {","  return new Promise(function (resolve) {","    var versions = process.versions;","    var prettyVersions = '';","    versions.os = process.platform + ' ' + process.arch;","","    for (var variable in versions) {","      if (versions.hasOwnProperty(variable)) {","        prettyVersions += variable + ': ' + versions[variable];","      }","    }","","    _getWindowsVersion().then(function (windowsVersion) {","      prettyVersions += windowsVersion.replace(/  +/g, ' '); // eslint-disable-line no-regex-spaces","      resolve(prettyVersions);","    });","  });","}","","module.exports = {","  nwuVersion: nwuVersion,","  getInstalledNPMVersion: getInstalledNPMVersion,","  getLatestNPMVersion: getLatestNPMVersion,","  getAvailableNPMVersions: getAvailableNPMVersions,","  getVersions: getVersions","};","//# sourceMappingURL=versions.js.map"],"l":{"3":1,"4":1,"10":1,"11":0,"12":0,"14":0,"15":0,"16":0,"18":0,"19":0,"29":1,"30":0,"31":0,"32":0,"33":0,"34":0,"35":0,"38":0,"47":1,"48":0,"49":0,"50":0,"51":0,"52":0,"53":0,"56":0,"58":0,"66":1,"67":0,"68":0,"69":0,"70":0,"71":0,"73":0,"82":1,"83":0,"84":0,"85":0,"86":0,"88":0,"89":0,"90":0,"94":0,"95":0,"96":0,"101":1}}}